Log file open, 07/22/17 18:20:48
LogInit:Display: Running engine for game: AdventureGame
LogPlatformFile: Not using cached read wrapper
LogInit:Display: RandInit(739768984) SRandInit(739768984).
LogTaskGraph: Started task graph with 5 named threads and 12 total threads with 1 sets of task threads.
LogStats: Stats thread started at 0.120971
LogInit: Using libcurl 7.47.1
LogInit:  - built for x86_64-pc-win32
LogInit:  - supports SSL with OpenSSL/1.0.2g
LogInit:  - supports HTTP deflate (compression) using libz 1.2.8
LogInit:  - other features:
LogInit:      CURL_VERSION_SSL
LogInit:      CURL_VERSION_LIBZ
LogInit:      CURL_VERSION_IPV6
LogInit:      CURL_VERSION_ASYNCHDNS
LogInit:      CURL_VERSION_LARGEFILE
LogInit:      CURL_VERSION_IDN
LogInit:  CurlRequestOptions (configurable via config and command line):
LogInit:  - bVerifyPeer = false  - Libcurl will NOT verify peer certificate
LogInit:  - bUseHttpProxy = false  - Libcurl will NOT use HTTP proxy
LogInit:  - bDontReuseConnections = false  - Libcurl will reuse connections
LogInit:  - CertBundlePath = nullptr  - Libcurl will use whatever was configured at build time.
LogInit: Build: ++UE4+Release-4.15-CL-3450819
LogInit: Engine Version: 4.15.3-3450819+++UE4+Release-4.15
LogInit: Compatible Engine Version: 4.15.0-3299760+++UE4+Release-4.15
LogInit: Net CL: 3299760
LogDevObjectVersion: Number of dev versions registered: 14
LogDevObjectVersion:   Dev-Blueprints (B0D832E4-1F89-4F0D-ACCF-7EB736FD4AA2): 8
LogDevObjectVersion:   Dev-Build (E1C64328-A22C-4D53-A36C-8E866417BD8C): 0
LogDevObjectVersion:   Dev-Core (375EC13C-06E4-48FB-B500-84F0262A717E): 2
LogDevObjectVersion:   Dev-Editor (E4B068ED-F494-42E9-A231-DA0B2E46BB41): 14
LogDevObjectVersion:   Dev-Framework (CFFC743F-43B0-4480-9391-14DF171D2073): 22
LogDevObjectVersion:   Dev-Mobile (B02B49B5-BB20-44E9-A304-32B752E40360): 0
LogDevObjectVersion:   Dev-Networking (A4E4105C-59A1-49B5-A7C5-40C4547EDFEE): 0
LogDevObjectVersion:   Dev-Online (39C831C9-5AE6-47DC-9A44-9C173E1C8E7C): 0
LogDevObjectVersion:   Dev-Physics (78F01B33-EBEA-4F98-B9B4-84EACCB95AA2): 0
LogDevObjectVersion:   Dev-Platform (6631380F-2D4D-43E0-8009-CF276956A95A): 0
LogDevObjectVersion:   Dev-Rendering (12F88B9F-8875-4AFC-A67C-D90C383ABD29): 12
LogDevObjectVersion:   Dev-Sequencer (7B5AE74C-D270-4C10-A958-57980B212A5A): 3
LogDevObjectVersion:   Dev-VR (D7296918-1DD6-4BDD-9DE2-64A83CC13884): 0
LogDevObjectVersion:   Dev-LoadTimes (C2A15278-BFE7-4AFE-6C17-90FF531DF755): 1
LogInit: Compiled (64-bit): May 21 2017 11:02:34
LogInit: Compiled with Visual C++: 19.00.23026.00
LogInit: Build Configuration: Development
LogInit: Branch Name: ++UE4+Release-4.15
LogInit: Command line: -EpicPortal 
LogInit: Base directory: D:/Epic Games/UE_4.15/Engine/Binaries/Win64/
LogInit: Installed Engine Build: 1
LogInit: Presizing for max 8388607 objects, including 0 objects not considered by GC, pre-allocating 0 bytes for permanent pool.
LogInit: Object subsystem initialized
[2017.07.22-22.20.49:769][  0]LogInit: Selected Device Profile: [Windows]
[2017.07.22-22.20.49:769][  0]LogInit: Applying CVar settings loaded from the selected device profile: [Windows]
[2017.07.22-22.20.49:780][  0]LogInit: Computer: DESKTOP-46BDBGE
[2017.07.22-22.20.49:780][  0]LogInit: User: Bryan
[2017.07.22-22.20.49:780][  0]LogInit: CPU Page size=65536, Cores=8
[2017.07.22-22.20.49:780][  0]LogInit: High frequency timer resolution =3.606510 MHz
[2017.07.22-22.20.49:780][  0]LogMemory: Memory total: Physical=15.9GB (16GB approx)
[2017.07.22-22.20.49:780][  0]LogMemory: Platform Memory Stats for Windows
[2017.07.22-22.20.49:780][  0]LogMemory: Process Physical Memory: 265.51 MB used, 265.51 MB peak
[2017.07.22-22.20.49:780][  0]LogMemory: Process Virtual Memory: 266.28 MB used, 266.28 MB peak
[2017.07.22-22.20.49:780][  0]LogMemory: Physical Memory: 5690.57 MB used,  10622.09 MB free, 16312.66 MB total
[2017.07.22-22.20.49:780][  0]LogMemory: Virtual Memory: 652.93 MB used,  10622.09 MB free, 134217728.00 MB total
[2017.07.22-22.20.49:844][  0]LogTextLocalizationManager: No specific translations for ('en-US') exist, so ('en') translations will be used.
[2017.07.22-22.20.50:624][  0]LogD3D11RHI: D3D11 adapters:
[2017.07.22-22.20.50:674][  0]LogD3D11RHI:    0. 'NVIDIA GeForce GTX 1080' (Feature Level 11_0)
[2017.07.22-22.20.50:674][  0]LogD3D11RHI:       8110/0/8156 MB DedicatedVideo/DedicatedSystem/SharedSystem, Outputs:3, VendorId:0x10de
[2017.07.22-22.20.50:676][  0]LogD3D11RHI:    1. 'Microsoft Basic Render Driver' (Feature Level 11_0)
[2017.07.22-22.20.50:676][  0]LogD3D11RHI:       0/0/8156 MB DedicatedVideo/DedicatedSystem/SharedSystem, Outputs:0, VendorId:0x1414
[2017.07.22-22.20.50:676][  0]LogD3D11RHI: Chosen D3D11 Adapter: 0
[2017.07.22-22.20.50:684][  0]LogD3D11RHI: Creating new Direct3DDevice
[2017.07.22-22.20.50:684][  0]LogD3D11RHI:     GPU DeviceId: 0x1b80 (for the marketing name, search the web for "GPU Device Id")
[2017.07.22-22.20.50:684][  0]LogWindows: EnumDisplayDevices:
[2017.07.22-22.20.50:684][  0]LogWindows:    0. 'NVIDIA GeForce GTX 1080' (P:1 D:1)
[2017.07.22-22.20.50:684][  0]LogWindows:    1. 'NVIDIA GeForce GTX 1080' (P:0 D:1)
[2017.07.22-22.20.50:684][  0]LogWindows:    2. 'NVIDIA GeForce GTX 1080' (P:0 D:1)
[2017.07.22-22.20.50:684][  0]LogWindows:    3. 'NVIDIA GeForce GTX 1080' (P:0 D:0)
[2017.07.22-22.20.50:684][  0]LogWindows: DebugString: FoundDriverCount:4 
[2017.07.22-22.20.50:684][  0]LogD3D11RHI:     Adapter Name: NVIDIA GeForce GTX 1080
[2017.07.22-22.20.50:684][  0]LogD3D11RHI:   Driver Version: 382.05 (internal:22.21.13.8205, unified:382.05)
[2017.07.22-22.20.50:684][  0]LogD3D11RHI:      Driver Date: 5-1-2017
[2017.07.22-22.20.50:684][  0]LogRHI: Texture pool is 1361 MB (70% of 1945 MB)
[2017.07.22-22.20.50:721][  0]LogD3D11RHI: Async texture creation enabled
[2017.07.22-22.20.50:732][  0]LogD3D11RHI: GPU Timing Frequency: 1000.000000 (Debug: 2 1)
[2017.07.22-22.20.50:817][  0]LogShaderCompilers: Guid format shader working directory is -1 characters bigger than the processId version (../../../../../GitHub/UE4Project/AdventureGame/Intermediate/Shaders/WorkingDirectory/11304/).
[2017.07.22-22.20.50:817][  0]LogShaderCompilers: Cleaned the shader compiler working directory 'C:/Users/Bryan/AppData/Local/Temp/UnrealShaderWorkingDir/0FB5FDE94E68203DDF992C8B59456BF8/'.
[2017.07.22-22.20.50:817][  0]LogShaderCompilers:Display: Using Local Shader Compiler.
[2017.07.22-22.20.51:827][  0]LogTemp:Display: Loaded TP AllDesktopTargetPlatform
[2017.07.22-22.20.51:884][  0]LogTemp:Display: Loaded TP MacClientTargetPlatform
[2017.07.22-22.20.51:936][  0]LogTemp:Display: Loaded TP MacNoEditorTargetPlatform
[2017.07.22-22.20.51:990][  0]LogTemp:Display: Loaded TP MacServerTargetPlatform
[2017.07.22-22.20.52:050][  0]LogTemp:Display: Loaded TP MacTargetPlatform
[2017.07.22-22.20.52:098][  0]LogTemp:Display: Loaded TP WindowsClientTargetPlatform
[2017.07.22-22.20.52:149][  0]LogTemp:Display: Loaded TP WindowsNoEditorTargetPlatform
[2017.07.22-22.20.52:199][  0]LogTemp:Display: Loaded TP WindowsServerTargetPlatform
[2017.07.22-22.20.52:237][  0]LogTemp:Display: Loaded TP WindowsTargetPlatform
[2017.07.22-22.20.52:285][  0]LogTemp:Display: Loaded TP AndroidTargetPlatform
[2017.07.22-22.20.52:334][  0]LogTemp:Display: Loaded TP Android_ASTCTargetPlatform
[2017.07.22-22.20.52:387][  0]LogTemp:Display: Loaded TP Android_ATCTargetPlatform
[2017.07.22-22.20.52:436][  0]LogTemp:Display: Loaded TP Android_DXTTargetPlatform
[2017.07.22-22.20.52:487][  0]LogTemp:Display: Loaded TP Android_ETC1TargetPlatform
[2017.07.22-22.20.52:546][  0]LogTemp:Display: Loaded TP Android_ETC2TargetPlatform
[2017.07.22-22.20.52:647][  0]LogTemp:Display: Loaded TP Android_MultiTargetPlatform
[2017.07.22-22.20.52:647][  0]LogTemp:Display: Loaded TP Android_PVRTCTargetPlatform
[2017.07.22-22.20.52:678][  0]LogTemp:Display: Loaded TP HTML5TargetPlatform
[2017.07.22-22.20.52:764][  0]LogTemp:Display: Loaded TP IOSTargetPlatform
[2017.07.22-22.20.52:795][  0]LogTemp:Display: Loaded TP TVOSTargetPlatform
[2017.07.22-22.20.52:845][  0]LogTemp:Display: Loaded TP LinuxClientTargetPlatform
[2017.07.22-22.20.52:894][  0]LogTemp:Display: Loaded TP LinuxNoEditorTargetPlatform
[2017.07.22-22.20.52:944][  0]LogTemp:Display: Loaded TP LinuxServerTargetPlatform
[2017.07.22-22.20.52:992][  0]LogTemp:Display: Loaded TP LinuxTargetPlatform
[2017.07.22-22.20.52:993][  0]LogTargetPlatformManager:Display: Building Assets For Windows
[2017.07.22-22.20.53:384][  0]LogDerivedDataCache:Display: Max Cache Size: 512 MB
[2017.07.22-22.20.53:460][  0]LogDerivedDataCache: Loaded boot cache 0.08s 51MB C:/Users/Bryan/AppData/Local/UnrealEngine/4.15/DerivedDataCache/Boot.ddc.
[2017.07.22-22.20.53:460][  0]LogDerivedDataCache:Display: Loaded Boot cache: C:/Users/Bryan/AppData/Local/UnrealEngine/4.15/DerivedDataCache/Boot.ddc
[2017.07.22-22.20.53:460][  0]LogDerivedDataCache: FDerivedDataBackendGraph:  Pak pak cache file ../../../../../GitHub/UE4Project/AdventureGame/DerivedDataCache/DDC.ddp not found, will not use a pak cache.
[2017.07.22-22.20.53:460][  0]LogDerivedDataCache: Unable to find inner node Pak for hierarchical cache Hierarchy.
[2017.07.22-22.20.53:460][  0]LogDerivedDataCache: FDerivedDataBackendGraph:  CompressedPak pak cache file ../../../../../GitHub/UE4Project/AdventureGame/DerivedDataCache/Compressed.ddp not found, will not use a pak cache.
[2017.07.22-22.20.53:460][  0]LogDerivedDataCache: Unable to find inner node CompressedPak for hierarchical cache Hierarchy.
[2017.07.22-22.20.53:481][  0]LogDerivedDataCache:Display: Pak cache opened for reading ../../../Engine/DerivedDataCache/Compressed.ddp.
[2017.07.22-22.20.53:492][  0]LogDerivedDataCache: Using Local data cache path C:/Users/Bryan/AppData/Local/UnrealEngine/Common/DerivedDataCache: Writable
[2017.07.22-22.20.53:506][  0]LogSlate: Using Freetype 2.6.0
[2017.07.22-22.20.53:508][  0]LogSlate: SlateFontCache - WITH_FREETYPE: 1, WITH_HARFBUZZ: 1
[2017.07.22-22.20.53:508][  0]LogSlate: SlateFontCache - WITH_FREETYPE: 1, WITH_HARFBUZZ: 1
[2017.07.22-22.20.53:820][  0]LogInit: Selected Device Profile: [Windows]
[2017.07.22-22.20.53:825][  0]LogContentStreaming: Texture pool size is 0.00 MB
[2017.07.22-22.20.54:013][  0]LogMeshUtilities: Using QuadricMeshReduction for automatic static mesh reduction
[2017.07.22-22.20.54:051][  0]LogSimplygon: Simplygon DLL not present - disabling.
[2017.07.22-22.20.54:095][  0]LogMeshUtilities: Using SimplygonSwarm for distributed automatic mesh merging
[2017.07.22-22.20.54:095][  0]LogMeshUtilities: No automatic skeletal mesh reduction module available
[2017.07.22-22.20.54:095][  0]LogMeshUtilities: No automatic mesh merging module available
[2017.07.22-22.20.54:733][  0]LogNetVersion: GetLocalNetworkVersion: CL: 3299760, ProjectName: adventuregame, ProjectVersion: , EngineNetworkVersion: 2, GameNetworkVersion: 0, NetworkChecksum: 3622509805
[2017.07.22-22.20.54:772][  0]LogAssetRegistry: FAssetRegistry took 0.0213 seconds to start up
[2017.07.22-22.20.54:905][  0]LogPackageLocalizationCache: Processed 3 localized package path(s) for 2 prioritized culture(s) in 0.116914 seconds
[2017.07.22-22.20.54:913][  0]LogUObjectArray: 32493 objects as part of root set at end of initial load.
[2017.07.22-22.20.54:913][  0]LogUObjectAllocator: 7077032 out of 0 bytes used by permanent object pool.
[2017.07.22-22.20.54:913][  0]LogUObjectArray: CloseDisregardForGC: 0/0 objects in disregard for GC pool
[2017.07.22-22.20.54:957][  0]LogInit: WinSock: version 1.1 (2.2), MaxSocks=32767, MaxUdp=65467
[2017.07.22-22.20.56:471][  0]LogTcpMessaging: Initializing TcpMessaging bridge
[2017.07.22-22.20.56:531][  0]LogUdpMessaging: Initializing bridge on interface 0.0.0.0:0 to multicast group 230.0.0.1:6666.
[2017.07.22-22.20.57:139][  0]LogMaterial: Uniform references updated for custom material expression Custom.
[2017.07.22-22.20.57:573][  0]SourceControl: Info Source control is disabled
[2017.07.22-22.20.57:574][  0]SourceControl: Info Source control is disabled
[2017.07.22-22.20.57:629][  0]SourceControl: Info Source control is disabled
[2017.07.22-22.20.57:680][  0]SourceControl: Info Source control is disabled
[2017.07.22-22.20.58:002][  0]LogLinker:Warning: Can't find file '/Game/ThirdPersonBP/ThirdPersonOverview'
[2017.07.22-22.20.58:002][  0]LogLinker:Warning: Can't find file '/Game/ThirdPersonBP/ThirdPersonOverview'
[2017.07.22-22.20.58:002][  0]LogUObjectGlobals:Warning: Failed to find object 'Class /Game/ThirdPersonBP/ThirdPersonOverview.ThirdPersonOverview_C'
[2017.07.22-22.20.58:977][  0]LogEngine: Initializing Engine...
[2017.07.22-22.20.59:550][  0]LogHMD: SteamVR initialized.  Driver: lighthouse  Display: LHR-7924AEA9
[2017.07.22-22.20.59:653][  0]LogStats: UGameplayTagsManager::ConstructGameplayTagTree: Construct from data asset -  0.000 s
[2017.07.22-22.20.59:653][  0]LogStats: UGameplayTagsManager::ConstructGameplayTagTree: GameplayTagTreeChangedEvent.Broadcast -  0.000 s
[2017.07.22-22.20.59:767][  0]LogAIModule: Creating AISystem for world Untitled
[2017.07.22-22.20.59:783][  0]LogInit: XAudio2 using 'Speakers (High Definition Audio Device)' : 2 channels at 48 kHz using 16 bits per sample (channel mask 0x3)
[2017.07.22-22.20.59:795][  0]LogInit: FAudioDevice initialized.
[2017.07.22-22.20.59:826][  0]LogDerivedDataCache: Saved boot cache 0.03s 51MB C:/Users/Bryan/AppData/Local/UnrealEngine/4.15/DerivedDataCache/Boot.ddc.
[2017.07.22-22.20.59:836][  0]LogInit: Texture streaming: Enabled
[2017.07.22-22.20.59:912][  0]LogEngineSessionManager: EngineSessionManager initialized
[2017.07.22-22.20.59:997][  0]LogInit: Transaction tracking system initialized
[2017.07.22-22.21.00:285][  0]BlueprintLog: New page: Editor Load
[2017.07.22-22.21.01:101][  0]LocalizationService: Info Localization service is disabled
[2017.07.22-22.21.01:670][  0]LogConsoleResponse:Display: 
[2017.07.22-22.21.01:773][  0]LogCook:Display: Max memory allowance for cook 16384mb min free memory 0mb
[2017.07.22-22.21.01:773][  0]LogCook:Display: Mobile HDR setting 1
[2017.07.22-22.21.01:815][  0]LogFileCache: Scanning file cache for directory 'D:/GitHub/UE4Project/AdventureGame/Content/' took 0.01s
[2017.07.22-22.21.02:632][  0]SourceControl: Info Source control is disabled
[2017.07.22-22.21.02:838][  0]LogFactory: FactoryCreateFile: PackFactory with PackFactory (0 0 D:/Epic Games/UE_4.15/FeaturePacks/StarterContent.upack)
[2017.07.22-22.21.03:133][  0]LogPackFactory: Finished extracting 8 files (including 0 errors).
[2017.07.22-22.21.03:253][  0]LogPackFactory: Copied "../../../Samples/StarterContent/Content/StarterContent/Architecture/Floor_400x400.uasset" to "../../../../../GitHub/UE4Project/AdventureGame/Content/StarterContent/Architecture/Floor_400x400.uasset"
[2017.07.22-22.21.03:296][  0]LogPackFactory: Copied "../../../Samples/StarterContent/Content/StarterContent/Architecture/Pillar_50x500.uasset" to "../../../../../GitHub/UE4Project/AdventureGame/Content/StarterContent/Architecture/Pillar_50x500.uasset"
[2017.07.22-22.21.03:359][  0]LogPackFactory: Copied "../../../Samples/StarterContent/Content/StarterContent/Architecture/SM_AssetPlatform.uasset" to "../../../../../GitHub/UE4Project/AdventureGame/Content/StarterContent/Architecture/SM_AssetPlatform.uasset"
[2017.07.22-22.21.03:382][  0]LogPackFactory: Copied "../../../Samples/StarterContent/Content/StarterContent/Architecture/Wall_400x200.uasset" to "../../../../../GitHub/UE4Project/AdventureGame/Content/StarterContent/Architecture/Wall_400x200.uasset"
[2017.07.22-22.21.03:409][  0]LogPackFactory: Copied "../../../Samples/StarterContent/Content/StarterContent/Architecture/Wall_400x300.uasset" to "../../../../../GitHub/UE4Project/AdventureGame/Content/StarterContent/Architecture/Wall_400x300.uasset"
[2017.07.22-22.21.03:440][  0]LogPackFactory: Copied "../../../Samples/StarterContent/Content/StarterContent/Architecture/Wall_400x400.uasset" to "../../../../../GitHub/UE4Project/AdventureGame/Content/StarterContent/Architecture/Wall_400x400.uasset"
[2017.07.22-22.21.03:464][  0]LogPackFactory: Copied "../../../Samples/StarterContent/Content/StarterContent/Architecture/Wall_500x500.uasset" to "../../../../../GitHub/UE4Project/AdventureGame/Content/StarterContent/Architecture/Wall_500x500.uasset"
[2017.07.22-22.21.03:470][  0]LogPackFactory: Copied "../../../Samples/StarterContent/Content/StarterContent/Architecture/Wall_Door_400x300.uasset" to "../../../../../GitHub/UE4Project/AdventureGame/Content/StarterContent/Architecture/Wall_Door_400x300.uasset"
[2017.07.22-22.21.03:491][  0]LogPackFactory: Copied "../../../Samples/StarterContent/Content/StarterContent/Architecture/Wall_Door_400x400.uasset" to "../../../../../GitHub/UE4Project/AdventureGame/Content/StarterContent/Architecture/Wall_Door_400x400.uasset"
[2017.07.22-22.21.03:510][  0]LogPackFactory: Copied "../../../Samples/StarterContent/Content/StarterContent/Architecture/Wall_Window_400x300.uasset" to "../../../../../GitHub/UE4Project/AdventureGame/Content/StarterContent/Architecture/Wall_Window_400x300.uasset"
[2017.07.22-22.21.03:527][  0]LogPackFactory: Copied "../../../Samples/StarterContent/Content/StarterContent/Architecture/Wall_Window_400x400.uasset" to "../../../../../GitHub/UE4Project/AdventureGame/Content/StarterContent/Architecture/Wall_Window_400x400.uasset"
[2017.07.22-22.21.03:651][  0]LogPackFactory: Copied "../../../Samples/StarterContent/Content/StarterContent/Audio/Collapse01.uasset" to "../../../../../GitHub/UE4Project/AdventureGame/Content/StarterContent/Audio/Collapse01.uasset"
[2017.07.22-22.21.03:727][  0]LogPackFactory: Copied "../../../Samples/StarterContent/Content/StarterContent/Audio/Collapse02.uasset" to "../../../../../GitHub/UE4Project/AdventureGame/Content/StarterContent/Audio/Collapse02.uasset"
[2017.07.22-22.21.03:752][  0]LogPackFactory: Copied "../../../Samples/StarterContent/Content/StarterContent/Audio/Collapse_Cue.uasset" to "../../../../../GitHub/UE4Project/AdventureGame/Content/StarterContent/Audio/Collapse_Cue.uasset"
[2017.07.22-22.21.03:800][  0]LogPackFactory: Copied "../../../Samples/StarterContent/Content/StarterContent/Audio/Explosion01.uasset" to "../../../../../GitHub/UE4Project/AdventureGame/Content/StarterContent/Audio/Explosion01.uasset"
[2017.07.22-22.21.03:848][  0]LogPackFactory: Copied "../../../Samples/StarterContent/Content/StarterContent/Audio/Explosion02.uasset" to "../../../../../GitHub/UE4Project/AdventureGame/Content/StarterContent/Audio/Explosion02.uasset"
[2017.07.22-22.21.03:900][  0]LogPackFactory: Copied "../../../Samples/StarterContent/Content/StarterContent/Audio/Explosion_Cue.uasset" to "../../../../../GitHub/UE4Project/AdventureGame/Content/StarterContent/Audio/Explosion_Cue.uasset"
[2017.07.22-22.21.03:953][  0]LogPackFactory: Copied "../../../Samples/StarterContent/Content/StarterContent/Audio/Fire01.uasset" to "../../../../../GitHub/UE4Project/AdventureGame/Content/StarterContent/Audio/Fire01.uasset"
[2017.07.22-22.21.03:976][  0]LogPackFactory: Copied "../../../Samples/StarterContent/Content/StarterContent/Audio/Fire01_Cue.uasset" to "../../../../../GitHub/UE4Project/AdventureGame/Content/StarterContent/Audio/Fire01_Cue.uasset"
[2017.07.22-22.21.04:027][  0]LogPackFactory: Copied "../../../Samples/StarterContent/Content/StarterContent/Audio/Fire_Sparks01.uasset" to "../../../../../GitHub/UE4Project/AdventureGame/Content/StarterContent/Audio/Fire_Sparks01.uasset"
[2017.07.22-22.21.04:081][  0]LogPackFactory: Copied "../../../Samples/StarterContent/Content/StarterContent/Audio/Fire_Sparks01_Cue.uasset" to "../../../../../GitHub/UE4Project/AdventureGame/Content/StarterContent/Audio/Fire_Sparks01_Cue.uasset"
[2017.07.22-22.21.04:151][  0]LogPackFactory: Copied "../../../Samples/StarterContent/Content/StarterContent/Audio/Light01.uasset" to "../../../../../GitHub/UE4Project/AdventureGame/Content/StarterContent/Audio/Light01.uasset"
[2017.07.22-22.21.04:173][  0]LogPackFactory: Copied "../../../Samples/StarterContent/Content/StarterContent/Audio/Light01_Cue.uasset" to "../../../../../GitHub/UE4Project/AdventureGame/Content/StarterContent/Audio/Light01_Cue.uasset"
[2017.07.22-22.21.04:266][  0]LogPackFactory: Copied "../../../Samples/StarterContent/Content/StarterContent/Audio/Light02.uasset" to "../../../../../GitHub/UE4Project/AdventureGame/Content/StarterContent/Audio/Light02.uasset"
[2017.07.22-22.21.04:317][  0]LogPackFactory: Copied "../../../Samples/StarterContent/Content/StarterContent/Audio/Light02_Cue.uasset" to "../../../../../GitHub/UE4Project/AdventureGame/Content/StarterContent/Audio/Light02_Cue.uasset"
[2017.07.22-22.21.04:384][  0]LogPackFactory: Copied "../../../Samples/StarterContent/Content/StarterContent/Audio/Smoke01.uasset" to "../../../../../GitHub/UE4Project/AdventureGame/Content/StarterContent/Audio/Smoke01.uasset"
[2017.07.22-22.21.04:418][  0]LogPackFactory: Copied "../../../Samples/StarterContent/Content/StarterContent/Audio/Smoke01_Cue.uasset" to "../../../../../GitHub/UE4Project/AdventureGame/Content/StarterContent/Audio/Smoke01_Cue.uasset"
[2017.07.22-22.21.04:511][  0]LogPackFactory: Copied "../../../Samples/StarterContent/Content/StarterContent/Audio/Starter_Background_Cue.uasset" to "../../../../../GitHub/UE4Project/AdventureGame/Content/StarterContent/Audio/Starter_Background_Cue.uasset"
[2017.07.22-22.21.04:592][  0]LogPackFactory: Copied "../../../Samples/StarterContent/Content/StarterContent/Audio/Starter_Birds01.uasset" to "../../../../../GitHub/UE4Project/AdventureGame/Content/StarterContent/Audio/Starter_Birds01.uasset"
[2017.07.22-22.21.04:761][  0]LogPackFactory: Copied "../../../Samples/StarterContent/Content/StarterContent/Audio/Starter_Music01.uasset" to "../../../../../GitHub/UE4Project/AdventureGame/Content/StarterContent/Audio/Starter_Music01.uasset"
[2017.07.22-22.21.04:834][  0]LogPackFactory: Copied "../../../Samples/StarterContent/Content/StarterContent/Audio/Starter_Music_Cue.uasset" to "../../../../../GitHub/UE4Project/AdventureGame/Content/StarterContent/Audio/Starter_Music_Cue.uasset"
[2017.07.22-22.21.04:942][  0]LogPackFactory: Copied "../../../Samples/StarterContent/Content/StarterContent/Audio/Starter_Wind05.uasset" to "../../../../../GitHub/UE4Project/AdventureGame/Content/StarterContent/Audio/Starter_Wind05.uasset"
[2017.07.22-22.21.04:997][  0]LogPackFactory: Copied "../../../Samples/StarterContent/Content/StarterContent/Audio/Starter_Wind06.uasset" to "../../../../../GitHub/UE4Project/AdventureGame/Content/StarterContent/Audio/Starter_Wind06.uasset"
[2017.07.22-22.21.05:040][  0]LogPackFactory: Copied "../../../Samples/StarterContent/Content/StarterContent/Audio/Steam01.uasset" to "../../../../../GitHub/UE4Project/AdventureGame/Content/StarterContent/Audio/Steam01.uasset"
[2017.07.22-22.21.05:062][  0]LogPackFactory: Copied "../../../Samples/StarterContent/Content/StarterContent/Audio/Steam01_Cue.uasset" to "../../../../../GitHub/UE4Project/AdventureGame/Content/StarterContent/Audio/Steam01_Cue.uasset"
[2017.07.22-22.21.05:185][  0]LogPackFactory: Copied "../../../Samples/StarterContent/Content/StarterContent/Blueprints/Blueprint_CeilingLight.uasset" to "../../../../../GitHub/UE4Project/AdventureGame/Content/StarterContent/Blueprints/Blueprint_CeilingLight.uasset"
[2017.07.22-22.21.05:233][  0]LogPackFactory: Copied "../../../Samples/StarterContent/Content/StarterContent/Blueprints/Blueprint_Effect_Explosion.uasset" to "../../../../../GitHub/UE4Project/AdventureGame/Content/StarterContent/Blueprints/Blueprint_Effect_Explosion.uasset"
[2017.07.22-22.21.05:251][  0]LogPackFactory: Copied "../../../Samples/StarterContent/Content/StarterContent/Blueprints/Blueprint_Effect_Fire.uasset" to "../../../../../GitHub/UE4Project/AdventureGame/Content/StarterContent/Blueprints/Blueprint_Effect_Fire.uasset"
[2017.07.22-22.21.05:303][  0]LogPackFactory: Copied "../../../Samples/StarterContent/Content/StarterContent/Blueprints/Blueprint_Effect_Smoke.uasset" to "../../../../../GitHub/UE4Project/AdventureGame/Content/StarterContent/Blueprints/Blueprint_Effect_Smoke.uasset"
[2017.07.22-22.21.05:362][  0]LogPackFactory: Copied "../../../Samples/StarterContent/Content/StarterContent/Blueprints/Blueprint_Effect_Sparks.uasset" to "../../../../../GitHub/UE4Project/AdventureGame/Content/StarterContent/Blueprints/Blueprint_Effect_Sparks.uasset"
[2017.07.22-22.21.05:426][  0]LogPackFactory: Copied "../../../Samples/StarterContent/Content/StarterContent/Blueprints/Blueprint_Effect_Steam.uasset" to "../../../../../GitHub/UE4Project/AdventureGame/Content/StarterContent/Blueprints/Blueprint_Effect_Steam.uasset"
[2017.07.22-22.21.05:497][  0]LogPackFactory: Copied "../../../Samples/StarterContent/Content/StarterContent/Blueprints/Blueprint_WallSconce.uasset" to "../../../../../GitHub/UE4Project/AdventureGame/Content/StarterContent/Blueprints/Blueprint_WallSconce.uasset"
[2017.07.22-22.21.05:571][  0]LogPackFactory: Copied "../../../Samples/StarterContent/Content/StarterContent/Blueprints/BP_LightStudio.uasset" to "../../../../../GitHub/UE4Project/AdventureGame/Content/StarterContent/Blueprints/BP_LightStudio.uasset"
[2017.07.22-22.21.05:667][  0]LogPackFactory: Copied "../../../Samples/StarterContent/Content/StarterContent/Blueprints/Assets/FogBrightnessLUT.uasset" to "../../../../../GitHub/UE4Project/AdventureGame/Content/StarterContent/Blueprints/Assets/FogBrightnessLUT.uasset"
[2017.07.22-22.21.05:688][  0]LogPackFactory: Copied "../../../Samples/StarterContent/Content/StarterContent/Blueprints/Assets/M_LightStage_Arrows.uasset" to "../../../../../GitHub/UE4Project/AdventureGame/Content/StarterContent/Blueprints/Assets/M_LightStage_Arrows.uasset"
[2017.07.22-22.21.05:760][  0]LogPackFactory: Copied "../../../Samples/StarterContent/Content/StarterContent/Blueprints/Assets/M_LightStage_Skybox_Black.uasset" to "../../../../../GitHub/UE4Project/AdventureGame/Content/StarterContent/Blueprints/Assets/M_LightStage_Skybox_Black.uasset"
[2017.07.22-22.21.05:805][  0]LogPackFactory: Copied "../../../Samples/StarterContent/Content/StarterContent/Blueprints/Assets/M_LightStage_Skybox_HDRI.uasset" to "../../../../../GitHub/UE4Project/AdventureGame/Content/StarterContent/Blueprints/Assets/M_LightStage_Skybox_HDRI.uasset"
[2017.07.22-22.21.05:880][  0]LogPackFactory: Copied "../../../Samples/StarterContent/Content/StarterContent/Blueprints/Assets/M_LightStage_Skybox_Master.uasset" to "../../../../../GitHub/UE4Project/AdventureGame/Content/StarterContent/Blueprints/Assets/M_LightStage_Skybox_Master.uasset"
[2017.07.22-22.21.05:929][  0]LogPackFactory: Copied "../../../Samples/StarterContent/Content/StarterContent/Blueprints/Assets/Skybox.uasset" to "../../../../../GitHub/UE4Project/AdventureGame/Content/StarterContent/Blueprints/Assets/Skybox.uasset"
[2017.07.22-22.21.06:012][  0]LogPackFactory: Copied "../../../Samples/StarterContent/Content/StarterContent/Blueprints/Assets/SM_Arrows.uasset" to "../../../../../GitHub/UE4Project/AdventureGame/Content/StarterContent/Blueprints/Assets/SM_Arrows.uasset"
[2017.07.22-22.21.06:052][  0]LogPackFactory: Copied "../../../Samples/StarterContent/Content/StarterContent/Blueprints/Assets/SunlightColorLUT.uasset" to "../../../../../GitHub/UE4Project/AdventureGame/Content/StarterContent/Blueprints/Assets/SunlightColorLUT.uasset"
[2017.07.22-22.21.31:013][  0]LogPackFactory: Copied "../../../Samples/StarterContent/Content/StarterContent/HDRI/HDRI_Epic_Courtyard_Daylight.uasset" to "../../../../../GitHub/UE4Project/AdventureGame/Content/StarterContent/HDRI/HDRI_Epic_Courtyard_Daylight.uasset"
[2017.07.22-22.21.31:132][  0]LogPackFactory: Copied "../../../Samples/StarterContent/Content/StarterContent/Maps/Advanced_Lighting.umap" to "../../../../../GitHub/UE4Project/AdventureGame/Content/StarterContent/Maps/Advanced_Lighting.umap"
[2017.07.22-22.21.31:157][  0]LogPackFactory: Copied "../../../Samples/StarterContent/Content/StarterContent/Maps/Advanced_Lighting_BuiltData.uasset" to "../../../../../GitHub/UE4Project/AdventureGame/Content/StarterContent/Maps/Advanced_Lighting_BuiltData.uasset"
[2017.07.22-22.21.31:207][  0]LogPackFactory: Copied "../../../Samples/StarterContent/Content/StarterContent/Maps/Minimal_Default.umap" to "../../../../../GitHub/UE4Project/AdventureGame/Content/StarterContent/Maps/Minimal_Default.umap"
[2017.07.22-22.21.31:240][  0]LogPackFactory: Copied "../../../Samples/StarterContent/Content/StarterContent/Maps/Minimal_Default_BuiltData.uasset" to "../../../../../GitHub/UE4Project/AdventureGame/Content/StarterContent/Maps/Minimal_Default_BuiltData.uasset"
[2017.07.22-22.21.31:356][  0]LogPackFactory: Copied "../../../Samples/StarterContent/Content/StarterContent/Maps/StarterMap.umap" to "../../../../../GitHub/UE4Project/AdventureGame/Content/StarterContent/Maps/StarterMap.umap"
[2017.07.22-22.21.31:505][  0]LogPackFactory: Copied "../../../Samples/StarterContent/Content/StarterContent/Maps/StarterMap_BuiltData.uasset" to "../../../../../GitHub/UE4Project/AdventureGame/Content/StarterContent/Maps/StarterMap_BuiltData.uasset"
[2017.07.22-22.21.31:570][  0]LogPackFactory: Copied "../../../Samples/StarterContent/Content/StarterContent/Materials/M_AssetPlatform.uasset" to "../../../../../GitHub/UE4Project/AdventureGame/Content/StarterContent/Materials/M_AssetPlatform.uasset"
[2017.07.22-22.21.31:606][  0]LogPackFactory: Copied "../../../Samples/StarterContent/Content/StarterContent/Materials/M_Basic_Floor.uasset" to "../../../../../GitHub/UE4Project/AdventureGame/Content/StarterContent/Materials/M_Basic_Floor.uasset"
[2017.07.22-22.21.31:666][  0]LogPackFactory: Copied "../../../Samples/StarterContent/Content/StarterContent/Materials/M_Basic_Wall.uasset" to "../../../../../GitHub/UE4Project/AdventureGame/Content/StarterContent/Materials/M_Basic_Wall.uasset"
[2017.07.22-22.21.31:701][  0]LogPackFactory: Copied "../../../Samples/StarterContent/Content/StarterContent/Materials/M_Brick_Clay_Beveled.uasset" to "../../../../../GitHub/UE4Project/AdventureGame/Content/StarterContent/Materials/M_Brick_Clay_Beveled.uasset"
[2017.07.22-22.21.31:769][  0]LogPackFactory: Copied "../../../Samples/StarterContent/Content/StarterContent/Materials/M_Brick_Clay_New.uasset" to "../../../../../GitHub/UE4Project/AdventureGame/Content/StarterContent/Materials/M_Brick_Clay_New.uasset"
[2017.07.22-22.21.31:789][  0]LogPackFactory: Copied "../../../Samples/StarterContent/Content/StarterContent/Materials/M_Brick_Clay_Old.uasset" to "../../../../../GitHub/UE4Project/AdventureGame/Content/StarterContent/Materials/M_Brick_Clay_Old.uasset"
[2017.07.22-22.21.31:836][  0]LogPackFactory: Copied "../../../Samples/StarterContent/Content/StarterContent/Materials/M_Brick_Cut_Stone.uasset" to "../../../../../GitHub/UE4Project/AdventureGame/Content/StarterContent/Materials/M_Brick_Cut_Stone.uasset"
[2017.07.22-22.21.31:858][  0]LogPackFactory: Copied "../../../Samples/StarterContent/Content/StarterContent/Materials/M_Brick_Hewn_Stone.uasset" to "../../../../../GitHub/UE4Project/AdventureGame/Content/StarterContent/Materials/M_Brick_Hewn_Stone.uasset"
[2017.07.22-22.21.31:876][  0]LogPackFactory: Copied "../../../Samples/StarterContent/Content/StarterContent/Materials/M_Ceramic_Tile_Checker.uasset" to "../../../../../GitHub/UE4Project/AdventureGame/Content/StarterContent/Materials/M_Ceramic_Tile_Checker.uasset"
[2017.07.22-22.21.31:924][  0]LogPackFactory: Copied "../../../Samples/StarterContent/Content/StarterContent/Materials/M_CobbleStone_Pebble.uasset" to "../../../../../GitHub/UE4Project/AdventureGame/Content/StarterContent/Materials/M_CobbleStone_Pebble.uasset"
[2017.07.22-22.21.31:967][  0]LogPackFactory: Copied "../../../Samples/StarterContent/Content/StarterContent/Materials/M_CobbleStone_Rough.uasset" to "../../../../../GitHub/UE4Project/AdventureGame/Content/StarterContent/Materials/M_CobbleStone_Rough.uasset"
[2017.07.22-22.21.32:026][  0]LogPackFactory: Copied "../../../Samples/StarterContent/Content/StarterContent/Materials/M_CobbleStone_Smooth.uasset" to "../../../../../GitHub/UE4Project/AdventureGame/Content/StarterContent/Materials/M_CobbleStone_Smooth.uasset"
[2017.07.22-22.21.32:245][  0]LogPackFactory: Copied "../../../Samples/StarterContent/Content/StarterContent/Materials/M_ColorGrid_LowSpec.uasset" to "../../../../../GitHub/UE4Project/AdventureGame/Content/StarterContent/Materials/M_ColorGrid_LowSpec.uasset"
[2017.07.22-22.21.32:268][  0]LogPackFactory: Copied "../../../Samples/StarterContent/Content/StarterContent/Materials/M_Concrete_Grime.uasset" to "../../../../../GitHub/UE4Project/AdventureGame/Content/StarterContent/Materials/M_Concrete_Grime.uasset"
[2017.07.22-22.21.32:276][  0]LogPackFactory: Copied "../../../Samples/StarterContent/Content/StarterContent/Materials/M_Concrete_Panels.uasset" to "../../../../../GitHub/UE4Project/AdventureGame/Content/StarterContent/Materials/M_Concrete_Panels.uasset"
[2017.07.22-22.21.32:284][  0]LogPackFactory: Copied "../../../Samples/StarterContent/Content/StarterContent/Materials/M_Concrete_Poured.uasset" to "../../../../../GitHub/UE4Project/AdventureGame/Content/StarterContent/Materials/M_Concrete_Poured.uasset"
[2017.07.22-22.21.32:339][  0]LogPackFactory: Copied "../../../Samples/StarterContent/Content/StarterContent/Materials/M_Concrete_Tiles.uasset" to "../../../../../GitHub/UE4Project/AdventureGame/Content/StarterContent/Materials/M_Concrete_Tiles.uasset"
[2017.07.22-22.21.32:347][  0]LogPackFactory: Copied "../../../Samples/StarterContent/Content/StarterContent/Materials/M_Glass.uasset" to "../../../../../GitHub/UE4Project/AdventureGame/Content/StarterContent/Materials/M_Glass.uasset"
[2017.07.22-22.21.32:362][  0]LogPackFactory: Copied "../../../Samples/StarterContent/Content/StarterContent/Materials/M_Ground_Grass.uasset" to "../../../../../GitHub/UE4Project/AdventureGame/Content/StarterContent/Materials/M_Ground_Grass.uasset"
[2017.07.22-22.21.32:390][  0]LogPackFactory: Copied "../../../Samples/StarterContent/Content/StarterContent/Materials/M_Ground_Gravel.uasset" to "../../../../../GitHub/UE4Project/AdventureGame/Content/StarterContent/Materials/M_Ground_Gravel.uasset"
[2017.07.22-22.21.32:415][  0]LogPackFactory: Copied "../../../Samples/StarterContent/Content/StarterContent/Materials/M_Ground_Moss.uasset" to "../../../../../GitHub/UE4Project/AdventureGame/Content/StarterContent/Materials/M_Ground_Moss.uasset"
[2017.07.22-22.21.32:442][  0]LogPackFactory: Copied "../../../Samples/StarterContent/Content/StarterContent/Materials/M_Metal_Brushed_Nickel.uasset" to "../../../../../GitHub/UE4Project/AdventureGame/Content/StarterContent/Materials/M_Metal_Brushed_Nickel.uasset"
[2017.07.22-22.21.32:456][  0]LogPackFactory: Copied "../../../Samples/StarterContent/Content/StarterContent/Materials/M_Metal_Burnished_Steel.uasset" to "../../../../../GitHub/UE4Project/AdventureGame/Content/StarterContent/Materials/M_Metal_Burnished_Steel.uasset"
[2017.07.22-22.21.32:489][  0]LogPackFactory: Copied "../../../Samples/StarterContent/Content/StarterContent/Materials/M_Metal_Chrome.uasset" to "../../../../../GitHub/UE4Project/AdventureGame/Content/StarterContent/Materials/M_Metal_Chrome.uasset"
[2017.07.22-22.21.32:519][  0]LogPackFactory: Copied "../../../Samples/StarterContent/Content/StarterContent/Materials/M_Metal_Copper.uasset" to "../../../../../GitHub/UE4Project/AdventureGame/Content/StarterContent/Materials/M_Metal_Copper.uasset"
[2017.07.22-22.21.32:527][  0]LogPackFactory: Copied "../../../Samples/StarterContent/Content/StarterContent/Materials/M_Metal_Gold.uasset" to "../../../../../GitHub/UE4Project/AdventureGame/Content/StarterContent/Materials/M_Metal_Gold.uasset"
[2017.07.22-22.21.32:552][  0]LogPackFactory: Copied "../../../Samples/StarterContent/Content/StarterContent/Materials/M_Metal_Rust.uasset" to "../../../../../GitHub/UE4Project/AdventureGame/Content/StarterContent/Materials/M_Metal_Rust.uasset"
[2017.07.22-22.21.32:581][  0]LogPackFactory: Copied "../../../Samples/StarterContent/Content/StarterContent/Materials/M_Metal_Steel.uasset" to "../../../../../GitHub/UE4Project/AdventureGame/Content/StarterContent/Materials/M_Metal_Steel.uasset"
[2017.07.22-22.21.32:622][  0]LogPackFactory: Copied "../../../Samples/StarterContent/Content/StarterContent/Materials/M_Rock_Basalt.uasset" to "../../../../../GitHub/UE4Project/AdventureGame/Content/StarterContent/Materials/M_Rock_Basalt.uasset"
[2017.07.22-22.21.32:684][  0]LogPackFactory: Copied "../../../Samples/StarterContent/Content/StarterContent/Materials/M_Rock_Marble_Polished.uasset" to "../../../../../GitHub/UE4Project/AdventureGame/Content/StarterContent/Materials/M_Rock_Marble_Polished.uasset"
[2017.07.22-22.21.32:715][  0]LogPackFactory: Copied "../../../Samples/StarterContent/Content/StarterContent/Materials/M_Rock_Sandstone.uasset" to "../../../../../GitHub/UE4Project/AdventureGame/Content/StarterContent/Materials/M_Rock_Sandstone.uasset"
[2017.07.22-22.21.32:733][  0]LogPackFactory: Copied "../../../Samples/StarterContent/Content/StarterContent/Materials/M_Rock_Slate.uasset" to "../../../../../GitHub/UE4Project/AdventureGame/Content/StarterContent/Materials/M_Rock_Slate.uasset"
[2017.07.22-22.21.32:757][  0]LogPackFactory: Copied "../../../Samples/StarterContent/Content/StarterContent/Materials/M_Tech_Checker_Dot.uasset" to "../../../../../GitHub/UE4Project/AdventureGame/Content/StarterContent/Materials/M_Tech_Checker_Dot.uasset"
[2017.07.22-22.21.32:782][  0]LogPackFactory: Copied "../../../Samples/StarterContent/Content/StarterContent/Materials/M_Tech_Hex_Tile.uasset" to "../../../../../GitHub/UE4Project/AdventureGame/Content/StarterContent/Materials/M_Tech_Hex_Tile.uasset"
[2017.07.22-22.21.32:802][  0]LogPackFactory: Copied "../../../Samples/StarterContent/Content/StarterContent/Materials/M_Tech_Hex_Tile_Pulse.uasset" to "../../../../../GitHub/UE4Project/AdventureGame/Content/StarterContent/Materials/M_Tech_Hex_Tile_Pulse.uasset"
[2017.07.22-22.21.32:809][  0]LogPackFactory: Copied "../../../Samples/StarterContent/Content/StarterContent/Materials/M_Tech_Panel.uasset" to "../../../../../GitHub/UE4Project/AdventureGame/Content/StarterContent/Materials/M_Tech_Panel.uasset"
[2017.07.22-22.21.32:817][  0]LogPackFactory: Copied "../../../Samples/StarterContent/Content/StarterContent/Materials/M_Water_Lake.uasset" to "../../../../../GitHub/UE4Project/AdventureGame/Content/StarterContent/Materials/M_Water_Lake.uasset"
[2017.07.22-22.21.32:832][  0]LogPackFactory: Copied "../../../Samples/StarterContent/Content/StarterContent/Materials/M_Water_Ocean.uasset" to "../../../../../GitHub/UE4Project/AdventureGame/Content/StarterContent/Materials/M_Water_Ocean.uasset"
[2017.07.22-22.21.32:852][  0]LogPackFactory: Copied "../../../Samples/StarterContent/Content/StarterContent/Materials/M_Wood_Floor_Walnut_Polished.uasset" to "../../../../../GitHub/UE4Project/AdventureGame/Content/StarterContent/Materials/M_Wood_Floor_Walnut_Polished.uasset"
[2017.07.22-22.21.32:859][  0]LogPackFactory: Copied "../../../Samples/StarterContent/Content/StarterContent/Materials/M_Wood_Floor_Walnut_Worn.uasset" to "../../../../../GitHub/UE4Project/AdventureGame/Content/StarterContent/Materials/M_Wood_Floor_Walnut_Worn.uasset"
[2017.07.22-22.21.32:866][  0]LogPackFactory: Copied "../../../Samples/StarterContent/Content/StarterContent/Materials/M_Wood_Oak.uasset" to "../../../../../GitHub/UE4Project/AdventureGame/Content/StarterContent/Materials/M_Wood_Oak.uasset"
[2017.07.22-22.21.32:872][  0]LogPackFactory: Copied "../../../Samples/StarterContent/Content/StarterContent/Materials/M_Wood_Pine.uasset" to "../../../../../GitHub/UE4Project/AdventureGame/Content/StarterContent/Materials/M_Wood_Pine.uasset"
[2017.07.22-22.21.32:895][  0]LogPackFactory: Copied "../../../Samples/StarterContent/Content/StarterContent/Materials/M_Wood_Walnut.uasset" to "../../../../../GitHub/UE4Project/AdventureGame/Content/StarterContent/Materials/M_Wood_Walnut.uasset"
[2017.07.22-22.21.32:994][  0]LogPackFactory: Copied "../../../Samples/StarterContent/Content/StarterContent/Particles/P_Ambient_Dust.uasset" to "../../../../../GitHub/UE4Project/AdventureGame/Content/StarterContent/Particles/P_Ambient_Dust.uasset"
[2017.07.22-22.21.33:028][  0]LogPackFactory: Copied "../../../Samples/StarterContent/Content/StarterContent/Particles/P_Explosion.uasset" to "../../../../../GitHub/UE4Project/AdventureGame/Content/StarterContent/Particles/P_Explosion.uasset"
[2017.07.22-22.21.33:076][  0]LogPackFactory: Copied "../../../Samples/StarterContent/Content/StarterContent/Particles/P_Fire.uasset" to "../../../../../GitHub/UE4Project/AdventureGame/Content/StarterContent/Particles/P_Fire.uasset"
[2017.07.22-22.21.33:110][  0]LogPackFactory: Copied "../../../Samples/StarterContent/Content/StarterContent/Particles/P_Smoke.uasset" to "../../../../../GitHub/UE4Project/AdventureGame/Content/StarterContent/Particles/P_Smoke.uasset"
[2017.07.22-22.21.33:118][  0]LogPackFactory: Copied "../../../Samples/StarterContent/Content/StarterContent/Particles/P_Sparks.uasset" to "../../../../../GitHub/UE4Project/AdventureGame/Content/StarterContent/Particles/P_Sparks.uasset"
[2017.07.22-22.21.33:138][  0]LogPackFactory: Copied "../../../Samples/StarterContent/Content/StarterContent/Particles/P_Steam_Lit.uasset" to "../../../../../GitHub/UE4Project/AdventureGame/Content/StarterContent/Particles/P_Steam_Lit.uasset"
[2017.07.22-22.21.33:236][  0]LogPackFactory: Copied "../../../Samples/StarterContent/Content/StarterContent/Particles/Materials/M_Burst.uasset" to "../../../../../GitHub/UE4Project/AdventureGame/Content/StarterContent/Particles/Materials/M_Burst.uasset"
[2017.07.22-22.21.33:259][  0]LogPackFactory: Copied "../../../Samples/StarterContent/Content/StarterContent/Particles/Materials/M_Dust_Particle.uasset" to "../../../../../GitHub/UE4Project/AdventureGame/Content/StarterContent/Particles/Materials/M_Dust_Particle.uasset"
[2017.07.22-22.21.33:305][  0]LogPackFactory: Copied "../../../Samples/StarterContent/Content/StarterContent/Particles/Materials/M_explosion_subUV.uasset" to "../../../../../GitHub/UE4Project/AdventureGame/Content/StarterContent/Particles/Materials/M_explosion_subUV.uasset"
[2017.07.22-22.21.33:342][  0]LogPackFactory: Copied "../../../Samples/StarterContent/Content/StarterContent/Particles/Materials/M_Fire_SubUV.uasset" to "../../../../../GitHub/UE4Project/AdventureGame/Content/StarterContent/Particles/Materials/M_Fire_SubUV.uasset"
[2017.07.22-22.21.33:384][  0]LogPackFactory: Copied "../../../Samples/StarterContent/Content/StarterContent/Particles/Materials/m_flare_01.uasset" to "../../../../../GitHub/UE4Project/AdventureGame/Content/StarterContent/Particles/Materials/m_flare_01.uasset"
[2017.07.22-22.21.33:403][  0]LogPackFactory: Copied "../../../Samples/StarterContent/Content/StarterContent/Particles/Materials/M_Heat_Distortion.uasset" to "../../../../../GitHub/UE4Project/AdventureGame/Content/StarterContent/Particles/Materials/M_Heat_Distortion.uasset"
[2017.07.22-22.21.33:432][  0]LogPackFactory: Copied "../../../Samples/StarterContent/Content/StarterContent/Particles/Materials/M_Radial_Gradient.uasset" to "../../../../../GitHub/UE4Project/AdventureGame/Content/StarterContent/Particles/Materials/M_Radial_Gradient.uasset"
[2017.07.22-22.21.33:536][  0]LogPackFactory: Copied "../../../Samples/StarterContent/Content/StarterContent/Particles/Materials/M_radial_ramp.uasset" to "../../../../../GitHub/UE4Project/AdventureGame/Content/StarterContent/Particles/Materials/M_radial_ramp.uasset"
[2017.07.22-22.21.33:575][  0]LogPackFactory: Copied "../../../Samples/StarterContent/Content/StarterContent/Particles/Materials/M_smoke_subUV.uasset" to "../../../../../GitHub/UE4Project/AdventureGame/Content/StarterContent/Particles/Materials/M_smoke_subUV.uasset"
[2017.07.22-22.21.34:112][  0]LogPackFactory: Copied "../../../Samples/StarterContent/Content/StarterContent/Particles/Materials/M_Spark.uasset" to "../../../../../GitHub/UE4Project/AdventureGame/Content/StarterContent/Particles/Materials/M_Spark.uasset"
[2017.07.22-22.21.34:209][  0]LogPackFactory: Copied "../../../Samples/StarterContent/Content/StarterContent/Props/MaterialSphere.uasset" to "../../../../../GitHub/UE4Project/AdventureGame/Content/StarterContent/Props/MaterialSphere.uasset"
[2017.07.22-22.21.34:245][  0]LogPackFactory: Copied "../../../Samples/StarterContent/Content/StarterContent/Props/SM_Bush.uasset" to "../../../../../GitHub/UE4Project/AdventureGame/Content/StarterContent/Props/SM_Bush.uasset"
[2017.07.22-22.21.34:272][  0]LogPackFactory: Copied "../../../Samples/StarterContent/Content/StarterContent/Props/SM_Chair.uasset" to "../../../../../GitHub/UE4Project/AdventureGame/Content/StarterContent/Props/SM_Chair.uasset"
[2017.07.22-22.21.34:312][  0]LogPackFactory: Copied "../../../Samples/StarterContent/Content/StarterContent/Props/SM_CornerFrame.uasset" to "../../../../../GitHub/UE4Project/AdventureGame/Content/StarterContent/Props/SM_CornerFrame.uasset"
[2017.07.22-22.21.34:333][  0]LogPackFactory: Copied "../../../Samples/StarterContent/Content/StarterContent/Props/SM_Couch.uasset" to "../../../../../GitHub/UE4Project/AdventureGame/Content/StarterContent/Props/SM_Couch.uasset"
[2017.07.22-22.21.34:379][  0]LogPackFactory: Copied "../../../Samples/StarterContent/Content/StarterContent/Props/SM_Door.uasset" to "../../../../../GitHub/UE4Project/AdventureGame/Content/StarterContent/Props/SM_Door.uasset"
[2017.07.22-22.21.34:411][  0]LogPackFactory: Copied "../../../Samples/StarterContent/Content/StarterContent/Props/SM_DoorFrame.uasset" to "../../../../../GitHub/UE4Project/AdventureGame/Content/StarterContent/Props/SM_DoorFrame.uasset"
[2017.07.22-22.21.34:443][  0]LogPackFactory: Copied "../../../Samples/StarterContent/Content/StarterContent/Props/SM_GlassWindow.uasset" to "../../../../../GitHub/UE4Project/AdventureGame/Content/StarterContent/Props/SM_GlassWindow.uasset"
[2017.07.22-22.21.34:470][  0]LogPackFactory: Copied "../../../Samples/StarterContent/Content/StarterContent/Props/SM_Lamp_Ceiling.uasset" to "../../../../../GitHub/UE4Project/AdventureGame/Content/StarterContent/Props/SM_Lamp_Ceiling.uasset"
[2017.07.22-22.21.34:542][  0]LogPackFactory: Copied "../../../Samples/StarterContent/Content/StarterContent/Props/SM_Lamp_Wall.uasset" to "../../../../../GitHub/UE4Project/AdventureGame/Content/StarterContent/Props/SM_Lamp_Wall.uasset"
[2017.07.22-22.21.34:617][  0]LogPackFactory: Copied "../../../Samples/StarterContent/Content/StarterContent/Props/SM_MatPreviewMesh_02.uasset" to "../../../../../GitHub/UE4Project/AdventureGame/Content/StarterContent/Props/SM_MatPreviewMesh_02.uasset"
[2017.07.22-22.21.34:646][  0]LogPackFactory: Copied "../../../Samples/StarterContent/Content/StarterContent/Props/SM_PillarFrame.uasset" to "../../../../../GitHub/UE4Project/AdventureGame/Content/StarterContent/Props/SM_PillarFrame.uasset"
[2017.07.22-22.21.34:654][  0]LogPackFactory: Copied "../../../Samples/StarterContent/Content/StarterContent/Props/SM_PillarFrame300.uasset" to "../../../../../GitHub/UE4Project/AdventureGame/Content/StarterContent/Props/SM_PillarFrame300.uasset"
[2017.07.22-22.21.34:684][  0]LogPackFactory: Copied "../../../Samples/StarterContent/Content/StarterContent/Props/SM_Rock.uasset" to "../../../../../GitHub/UE4Project/AdventureGame/Content/StarterContent/Props/SM_Rock.uasset"
[2017.07.22-22.21.34:698][  0]LogPackFactory: Copied "../../../Samples/StarterContent/Content/StarterContent/Props/SM_Shelf.uasset" to "../../../../../GitHub/UE4Project/AdventureGame/Content/StarterContent/Props/SM_Shelf.uasset"
[2017.07.22-22.21.34:736][  0]LogPackFactory: Copied "../../../Samples/StarterContent/Content/StarterContent/Props/SM_Stairs.uasset" to "../../../../../GitHub/UE4Project/AdventureGame/Content/StarterContent/Props/SM_Stairs.uasset"
[2017.07.22-22.21.34:776][  0]LogPackFactory: Copied "../../../Samples/StarterContent/Content/StarterContent/Props/SM_Statue.uasset" to "../../../../../GitHub/UE4Project/AdventureGame/Content/StarterContent/Props/SM_Statue.uasset"
[2017.07.22-22.21.34:817][  0]LogPackFactory: Copied "../../../Samples/StarterContent/Content/StarterContent/Props/SM_TableRound.uasset" to "../../../../../GitHub/UE4Project/AdventureGame/Content/StarterContent/Props/SM_TableRound.uasset"
[2017.07.22-22.21.34:846][  0]LogPackFactory: Copied "../../../Samples/StarterContent/Content/StarterContent/Props/SM_WindowFrame.uasset" to "../../../../../GitHub/UE4Project/AdventureGame/Content/StarterContent/Props/SM_WindowFrame.uasset"
[2017.07.22-22.21.34:886][  0]LogPackFactory: Copied "../../../Samples/StarterContent/Content/StarterContent/Props/Materials/M_Bush.uasset" to "../../../../../GitHub/UE4Project/AdventureGame/Content/StarterContent/Props/Materials/M_Bush.uasset"
[2017.07.22-22.21.34:966][  0]LogPackFactory: Copied "../../../Samples/StarterContent/Content/StarterContent/Props/Materials/M_Chair.uasset" to "../../../../../GitHub/UE4Project/AdventureGame/Content/StarterContent/Props/Materials/M_Chair.uasset"
[2017.07.22-22.21.35:011][  0]LogPackFactory: Copied "../../../Samples/StarterContent/Content/StarterContent/Props/Materials/M_Door.uasset" to "../../../../../GitHub/UE4Project/AdventureGame/Content/StarterContent/Props/Materials/M_Door.uasset"
[2017.07.22-22.21.35:019][  0]LogPackFactory: Copied "../../../Samples/StarterContent/Content/StarterContent/Props/Materials/M_Frame.uasset" to "../../../../../GitHub/UE4Project/AdventureGame/Content/StarterContent/Props/Materials/M_Frame.uasset"
[2017.07.22-22.21.35:046][  0]LogPackFactory: Copied "../../../Samples/StarterContent/Content/StarterContent/Props/Materials/M_Lamp.uasset" to "../../../../../GitHub/UE4Project/AdventureGame/Content/StarterContent/Props/Materials/M_Lamp.uasset"
[2017.07.22-22.21.35:060][  0]LogPackFactory: Copied "../../../Samples/StarterContent/Content/StarterContent/Props/Materials/M_MaterialSphere.uasset" to "../../../../../GitHub/UE4Project/AdventureGame/Content/StarterContent/Props/Materials/M_MaterialSphere.uasset"
[2017.07.22-22.21.35:087][  0]LogPackFactory: Copied "../../../Samples/StarterContent/Content/StarterContent/Props/Materials/M_MaterialSphere_Plain.uasset" to "../../../../../GitHub/UE4Project/AdventureGame/Content/StarterContent/Props/Materials/M_MaterialSphere_Plain.uasset"
[2017.07.22-22.21.35:103][  0]LogPackFactory: Copied "../../../Samples/StarterContent/Content/StarterContent/Props/Materials/M_Rock.uasset" to "../../../../../GitHub/UE4Project/AdventureGame/Content/StarterContent/Props/Materials/M_Rock.uasset"
[2017.07.22-22.21.35:109][  0]LogPackFactory: Copied "../../../Samples/StarterContent/Content/StarterContent/Props/Materials/M_Shelf.uasset" to "../../../../../GitHub/UE4Project/AdventureGame/Content/StarterContent/Props/Materials/M_Shelf.uasset"
[2017.07.22-22.21.35:116][  0]LogPackFactory: Copied "../../../Samples/StarterContent/Content/StarterContent/Props/Materials/M_Statue.uasset" to "../../../../../GitHub/UE4Project/AdventureGame/Content/StarterContent/Props/Materials/M_Statue.uasset"
[2017.07.22-22.21.35:159][  0]LogPackFactory: Copied "../../../Samples/StarterContent/Content/StarterContent/Props/Materials/M_StatueGlass.uasset" to "../../../../../GitHub/UE4Project/AdventureGame/Content/StarterContent/Props/Materials/M_StatueGlass.uasset"
[2017.07.22-22.21.35:170][  0]LogPackFactory: Copied "../../../Samples/StarterContent/Content/StarterContent/Props/Materials/M_TableRound.uasset" to "../../../../../GitHub/UE4Project/AdventureGame/Content/StarterContent/Props/Materials/M_TableRound.uasset"
[2017.07.22-22.21.35:204][  0]LogPackFactory: Copied "../../../Samples/StarterContent/Content/StarterContent/Shapes/Shape_Cone.uasset" to "../../../../../GitHub/UE4Project/AdventureGame/Content/StarterContent/Shapes/Shape_Cone.uasset"
[2017.07.22-22.21.35:270][  0]LogPackFactory: Copied "../../../Samples/StarterContent/Content/StarterContent/Shapes/Shape_Cube.uasset" to "../../../../../GitHub/UE4Project/AdventureGame/Content/StarterContent/Shapes/Shape_Cube.uasset"
[2017.07.22-22.21.35:328][  0]LogPackFactory: Copied "../../../Samples/StarterContent/Content/StarterContent/Shapes/Shape_Cylinder.uasset" to "../../../../../GitHub/UE4Project/AdventureGame/Content/StarterContent/Shapes/Shape_Cylinder.uasset"
[2017.07.22-22.21.35:364][  0]LogPackFactory: Copied "../../../Samples/StarterContent/Content/StarterContent/Shapes/Shape_NarrowCapsule.uasset" to "../../../../../GitHub/UE4Project/AdventureGame/Content/StarterContent/Shapes/Shape_NarrowCapsule.uasset"
[2017.07.22-22.21.35:417][  0]LogPackFactory: Copied "../../../Samples/StarterContent/Content/StarterContent/Shapes/Shape_Pipe.uasset" to "../../../../../GitHub/UE4Project/AdventureGame/Content/StarterContent/Shapes/Shape_Pipe.uasset"
[2017.07.22-22.21.35:447][  0]LogPackFactory: Copied "../../../Samples/StarterContent/Content/StarterContent/Shapes/Shape_Pipe_180.uasset" to "../../../../../GitHub/UE4Project/AdventureGame/Content/StarterContent/Shapes/Shape_Pipe_180.uasset"
[2017.07.22-22.21.35:525][  0]LogPackFactory: Copied "../../../Samples/StarterContent/Content/StarterContent/Shapes/Shape_Pipe_90.uasset" to "../../../../../GitHub/UE4Project/AdventureGame/Content/StarterContent/Shapes/Shape_Pipe_90.uasset"
[2017.07.22-22.21.35:554][  0]LogPackFactory: Copied "../../../Samples/StarterContent/Content/StarterContent/Shapes/Shape_Plane.uasset" to "../../../../../GitHub/UE4Project/AdventureGame/Content/StarterContent/Shapes/Shape_Plane.uasset"
[2017.07.22-22.21.35:580][  0]LogPackFactory: Copied "../../../Samples/StarterContent/Content/StarterContent/Shapes/Shape_QuadPyramid.uasset" to "../../../../../GitHub/UE4Project/AdventureGame/Content/StarterContent/Shapes/Shape_QuadPyramid.uasset"
[2017.07.22-22.21.35:637][  0]LogPackFactory: Copied "../../../Samples/StarterContent/Content/StarterContent/Shapes/Shape_Sphere.uasset" to "../../../../../GitHub/UE4Project/AdventureGame/Content/StarterContent/Shapes/Shape_Sphere.uasset"
[2017.07.22-22.21.35:689][  0]LogPackFactory: Copied "../../../Samples/StarterContent/Content/StarterContent/Shapes/Shape_Torus.uasset" to "../../../../../GitHub/UE4Project/AdventureGame/Content/StarterContent/Shapes/Shape_Torus.uasset"
[2017.07.22-22.21.35:737][  0]LogPackFactory: Copied "../../../Samples/StarterContent/Content/StarterContent/Shapes/Shape_Trim.uasset" to "../../../../../GitHub/UE4Project/AdventureGame/Content/StarterContent/Shapes/Shape_Trim.uasset"
[2017.07.22-22.21.35:796][  0]LogPackFactory: Copied "../../../Samples/StarterContent/Content/StarterContent/Shapes/Shape_Trim_90_In.uasset" to "../../../../../GitHub/UE4Project/AdventureGame/Content/StarterContent/Shapes/Shape_Trim_90_In.uasset"
[2017.07.22-22.21.35:827][  0]LogPackFactory: Copied "../../../Samples/StarterContent/Content/StarterContent/Shapes/Shape_Trim_90_Out.uasset" to "../../../../../GitHub/UE4Project/AdventureGame/Content/StarterContent/Shapes/Shape_Trim_90_Out.uasset"
[2017.07.22-22.21.35:887][  0]LogPackFactory: Copied "../../../Samples/StarterContent/Content/StarterContent/Shapes/Shape_TriPyramid.uasset" to "../../../../../GitHub/UE4Project/AdventureGame/Content/StarterContent/Shapes/Shape_TriPyramid.uasset"
[2017.07.22-22.21.35:896][  0]LogPackFactory: Copied "../../../Samples/StarterContent/Content/StarterContent/Shapes/Shape_Tube.uasset" to "../../../../../GitHub/UE4Project/AdventureGame/Content/StarterContent/Shapes/Shape_Tube.uasset"
[2017.07.22-22.21.35:939][  0]LogPackFactory: Copied "../../../Samples/StarterContent/Content/StarterContent/Shapes/Shape_Wedge_A.uasset" to "../../../../../GitHub/UE4Project/AdventureGame/Content/StarterContent/Shapes/Shape_Wedge_A.uasset"
[2017.07.22-22.21.35:946][  0]LogPackFactory: Copied "../../../Samples/StarterContent/Content/StarterContent/Shapes/Shape_Wedge_B.uasset" to "../../../../../GitHub/UE4Project/AdventureGame/Content/StarterContent/Shapes/Shape_Wedge_B.uasset"
[2017.07.22-22.21.35:953][  0]LogPackFactory: Copied "../../../Samples/StarterContent/Content/StarterContent/Shapes/Shape_WideCapsule.uasset" to "../../../../../GitHub/UE4Project/AdventureGame/Content/StarterContent/Shapes/Shape_WideCapsule.uasset"
[2017.07.22-22.21.36:088][  0]LogPackFactory: Copied "../../../Samples/StarterContent/Content/StarterContent/Textures/T_Brick_Clay_Beveled_D.uasset" to "../../../../../GitHub/UE4Project/AdventureGame/Content/StarterContent/Textures/T_Brick_Clay_Beveled_D.uasset"
[2017.07.22-22.21.36:252][  0]LogPackFactory: Copied "../../../Samples/StarterContent/Content/StarterContent/Textures/T_Brick_Clay_Beveled_M.uasset" to "../../../../../GitHub/UE4Project/AdventureGame/Content/StarterContent/Textures/T_Brick_Clay_Beveled_M.uasset"
[2017.07.22-22.21.36:393][  0]LogPackFactory: Copied "../../../Samples/StarterContent/Content/StarterContent/Textures/T_Brick_Clay_Beveled_N.uasset" to "../../../../../GitHub/UE4Project/AdventureGame/Content/StarterContent/Textures/T_Brick_Clay_Beveled_N.uasset"
[2017.07.22-22.21.36:519][  0]LogPackFactory: Copied "../../../Samples/StarterContent/Content/StarterContent/Textures/T_Brick_Clay_New_D.uasset" to "../../../../../GitHub/UE4Project/AdventureGame/Content/StarterContent/Textures/T_Brick_Clay_New_D.uasset"
[2017.07.22-22.21.36:645][  0]LogPackFactory: Copied "../../../Samples/StarterContent/Content/StarterContent/Textures/T_Brick_Clay_New_M.uasset" to "../../../../../GitHub/UE4Project/AdventureGame/Content/StarterContent/Textures/T_Brick_Clay_New_M.uasset"
[2017.07.22-22.21.36:802][  0]LogPackFactory: Copied "../../../Samples/StarterContent/Content/StarterContent/Textures/T_Brick_Clay_New_N.uasset" to "../../../../../GitHub/UE4Project/AdventureGame/Content/StarterContent/Textures/T_Brick_Clay_New_N.uasset"
[2017.07.22-22.21.36:933][  0]LogPackFactory: Copied "../../../Samples/StarterContent/Content/StarterContent/Textures/T_Brick_Clay_Old_D.uasset" to "../../../../../GitHub/UE4Project/AdventureGame/Content/StarterContent/Textures/T_Brick_Clay_Old_D.uasset"
[2017.07.22-22.21.37:063][  0]LogPackFactory: Copied "../../../Samples/StarterContent/Content/StarterContent/Textures/T_Brick_Clay_Old_N.uasset" to "../../../../../GitHub/UE4Project/AdventureGame/Content/StarterContent/Textures/T_Brick_Clay_Old_N.uasset"
[2017.07.22-22.21.37:230][  0]LogPackFactory: Copied "../../../Samples/StarterContent/Content/StarterContent/Textures/T_Brick_Cut_Stone_D.uasset" to "../../../../../GitHub/UE4Project/AdventureGame/Content/StarterContent/Textures/T_Brick_Cut_Stone_D.uasset"
[2017.07.22-22.21.37:333][  0]LogPackFactory: Copied "../../../Samples/StarterContent/Content/StarterContent/Textures/T_Brick_Cut_Stone_N.uasset" to "../../../../../GitHub/UE4Project/AdventureGame/Content/StarterContent/Textures/T_Brick_Cut_Stone_N.uasset"
[2017.07.22-22.21.37:501][  0]LogPackFactory: Copied "../../../Samples/StarterContent/Content/StarterContent/Textures/T_Brick_Hewn_Stone_D.uasset" to "../../../../../GitHub/UE4Project/AdventureGame/Content/StarterContent/Textures/T_Brick_Hewn_Stone_D.uasset"
[2017.07.22-22.21.37:585][  0]LogPackFactory: Copied "../../../Samples/StarterContent/Content/StarterContent/Textures/T_Brick_Hewn_Stone_M.uasset" to "../../../../../GitHub/UE4Project/AdventureGame/Content/StarterContent/Textures/T_Brick_Hewn_Stone_M.uasset"
[2017.07.22-22.21.37:747][  0]LogPackFactory: Copied "../../../Samples/StarterContent/Content/StarterContent/Textures/T_Brick_Hewn_Stone_N.uasset" to "../../../../../GitHub/UE4Project/AdventureGame/Content/StarterContent/Textures/T_Brick_Hewn_Stone_N.uasset"
[2017.07.22-22.21.37:828][  0]LogPackFactory: Copied "../../../Samples/StarterContent/Content/StarterContent/Textures/T_Burst_M.uasset" to "../../../../../GitHub/UE4Project/AdventureGame/Content/StarterContent/Textures/T_Burst_M.uasset"
[2017.07.22-22.21.37:905][  0]LogPackFactory: Copied "../../../Samples/StarterContent/Content/StarterContent/Textures/T_Bush_D.uasset" to "../../../../../GitHub/UE4Project/AdventureGame/Content/StarterContent/Textures/T_Bush_D.uasset"
[2017.07.22-22.21.37:940][  0]LogPackFactory: Copied "../../../Samples/StarterContent/Content/StarterContent/Textures/T_Bush_N.uasset" to "../../../../../GitHub/UE4Project/AdventureGame/Content/StarterContent/Textures/T_Bush_N.uasset"
[2017.07.22-22.21.37:974][  0]LogPackFactory: Copied "../../../Samples/StarterContent/Content/StarterContent/Textures/T_Ceramic_Tile_M.uasset" to "../../../../../GitHub/UE4Project/AdventureGame/Content/StarterContent/Textures/T_Ceramic_Tile_M.uasset"
[2017.07.22-22.21.37:997][  0]LogPackFactory: Copied "../../../Samples/StarterContent/Content/StarterContent/Textures/T_Ceramic_Tile_N.uasset" to "../../../../../GitHub/UE4Project/AdventureGame/Content/StarterContent/Textures/T_Ceramic_Tile_N.uasset"
[2017.07.22-22.21.38:048][  0]LogPackFactory: Copied "../../../Samples/StarterContent/Content/StarterContent/Textures/T_Chair_M.uasset" to "../../../../../GitHub/UE4Project/AdventureGame/Content/StarterContent/Textures/T_Chair_M.uasset"
[2017.07.22-22.21.38:155][  0]LogPackFactory: Copied "../../../Samples/StarterContent/Content/StarterContent/Textures/T_Chair_N.uasset" to "../../../../../GitHub/UE4Project/AdventureGame/Content/StarterContent/Textures/T_Chair_N.uasset"
[2017.07.22-22.21.38:187][  0]LogPackFactory: Copied "../../../Samples/StarterContent/Content/StarterContent/Textures/T_Checker_Noise_M.uasset" to "../../../../../GitHub/UE4Project/AdventureGame/Content/StarterContent/Textures/T_Checker_Noise_M.uasset"
[2017.07.22-22.21.38:421][  0]LogPackFactory: Copied "../../../Samples/StarterContent/Content/StarterContent/Textures/T_CobbleStone_Pebble_D.uasset" to "../../../../../GitHub/UE4Project/AdventureGame/Content/StarterContent/Textures/T_CobbleStone_Pebble_D.uasset"
[2017.07.22-22.21.38:482][  0]LogPackFactory: Copied "../../../Samples/StarterContent/Content/StarterContent/Textures/T_CobbleStone_Pebble_M.uasset" to "../../../../../GitHub/UE4Project/AdventureGame/Content/StarterContent/Textures/T_CobbleStone_Pebble_M.uasset"
[2017.07.22-22.21.38:645][  0]LogPackFactory: Copied "../../../Samples/StarterContent/Content/StarterContent/Textures/T_CobbleStone_Pebble_N.uasset" to "../../../../../GitHub/UE4Project/AdventureGame/Content/StarterContent/Textures/T_CobbleStone_Pebble_N.uasset"
[2017.07.22-22.21.38:717][  0]LogPackFactory: Copied "../../../Samples/StarterContent/Content/StarterContent/Textures/T_CobbleStone_Rough_D.uasset" to "../../../../../GitHub/UE4Project/AdventureGame/Content/StarterContent/Textures/T_CobbleStone_Rough_D.uasset"
[2017.07.22-22.21.38:802][  0]LogPackFactory: Copied "../../../Samples/StarterContent/Content/StarterContent/Textures/T_CobbleStone_Rough_N.uasset" to "../../../../../GitHub/UE4Project/AdventureGame/Content/StarterContent/Textures/T_CobbleStone_Rough_N.uasset"
[2017.07.22-22.21.39:425][  0]LogPackFactory: Copied "../../../Samples/StarterContent/Content/StarterContent/Textures/T_CobbleStone_Smooth_D.uasset" to "../../../../../GitHub/UE4Project/AdventureGame/Content/StarterContent/Textures/T_CobbleStone_Smooth_D.uasset"
[2017.07.22-22.21.39:640][  0]LogPackFactory: Copied "../../../Samples/StarterContent/Content/StarterContent/Textures/T_CobbleStone_Smooth_M.uasset" to "../../../../../GitHub/UE4Project/AdventureGame/Content/StarterContent/Textures/T_CobbleStone_Smooth_M.uasset"
[2017.07.22-22.21.39:987][  0]LogPackFactory: Copied "../../../Samples/StarterContent/Content/StarterContent/Textures/T_CobbleStone_Smooth_N.uasset" to "../../../../../GitHub/UE4Project/AdventureGame/Content/StarterContent/Textures/T_CobbleStone_Smooth_N.uasset"
[2017.07.22-22.21.40:607][  0]LogPackFactory: Copied "../../../Samples/StarterContent/Content/StarterContent/Textures/T_Concrete_Grime_D.uasset" to "../../../../../GitHub/UE4Project/AdventureGame/Content/StarterContent/Textures/T_Concrete_Grime_D.uasset"
[2017.07.22-22.21.40:843][  0]LogPackFactory: Copied "../../../Samples/StarterContent/Content/StarterContent/Textures/T_Concrete_Panels_D.uasset" to "../../../../../GitHub/UE4Project/AdventureGame/Content/StarterContent/Textures/T_Concrete_Panels_D.uasset"
[2017.07.22-22.21.40:993][  0]LogPackFactory: Copied "../../../Samples/StarterContent/Content/StarterContent/Textures/T_Concrete_Panels_N.uasset" to "../../../../../GitHub/UE4Project/AdventureGame/Content/StarterContent/Textures/T_Concrete_Panels_N.uasset"
[2017.07.22-22.21.41:155][  0]LogPackFactory: Copied "../../../Samples/StarterContent/Content/StarterContent/Textures/T_Concrete_Poured_D.uasset" to "../../../../../GitHub/UE4Project/AdventureGame/Content/StarterContent/Textures/T_Concrete_Poured_D.uasset"
[2017.07.22-22.21.41:348][  0]LogPackFactory: Copied "../../../Samples/StarterContent/Content/StarterContent/Textures/T_Concrete_Poured_N.uasset" to "../../../../../GitHub/UE4Project/AdventureGame/Content/StarterContent/Textures/T_Concrete_Poured_N.uasset"
[2017.07.22-22.21.41:418][  0]LogPackFactory: Copied "../../../Samples/StarterContent/Content/StarterContent/Textures/T_Concrete_Tiles_D.uasset" to "../../../../../GitHub/UE4Project/AdventureGame/Content/StarterContent/Textures/T_Concrete_Tiles_D.uasset"
[2017.07.22-22.21.41:479][  0]LogPackFactory: Copied "../../../Samples/StarterContent/Content/StarterContent/Textures/T_Concrete_Tiles_M.uasset" to "../../../../../GitHub/UE4Project/AdventureGame/Content/StarterContent/Textures/T_Concrete_Tiles_M.uasset"
[2017.07.22-22.21.41:582][  0]LogPackFactory: Copied "../../../Samples/StarterContent/Content/StarterContent/Textures/T_Concrete_Tiles_N.uasset" to "../../../../../GitHub/UE4Project/AdventureGame/Content/StarterContent/Textures/T_Concrete_Tiles_N.uasset"
[2017.07.22-22.21.41:754][  0]LogPackFactory: Copied "../../../Samples/StarterContent/Content/StarterContent/Textures/T_Concrete_Tiles_Variation_M.uasset" to "../../../../../GitHub/UE4Project/AdventureGame/Content/StarterContent/Textures/T_Concrete_Tiles_Variation_M.uasset"
[2017.07.22-22.21.41:919][  0]LogPackFactory: Copied "../../../Samples/StarterContent/Content/StarterContent/Textures/T_Detail_Rocky_N.uasset" to "../../../../../GitHub/UE4Project/AdventureGame/Content/StarterContent/Textures/T_Detail_Rocky_N.uasset"
[2017.07.22-22.21.42:035][  0]LogPackFactory: Copied "../../../Samples/StarterContent/Content/StarterContent/Textures/T_Door_M.uasset" to "../../../../../GitHub/UE4Project/AdventureGame/Content/StarterContent/Textures/T_Door_M.uasset"
[2017.07.22-22.21.42:163][  0]LogPackFactory: Copied "../../../Samples/StarterContent/Content/StarterContent/Textures/T_Door_N.uasset" to "../../../../../GitHub/UE4Project/AdventureGame/Content/StarterContent/Textures/T_Door_N.uasset"
[2017.07.22-22.21.42:235][  0]LogPackFactory: Copied "../../../Samples/StarterContent/Content/StarterContent/Textures/T_Dust_Particle_D.uasset" to "../../../../../GitHub/UE4Project/AdventureGame/Content/StarterContent/Textures/T_Dust_Particle_D.uasset"
[2017.07.22-22.21.42:283][  0]LogPackFactory: Copied "../../../Samples/StarterContent/Content/StarterContent/Textures/T_Explosion_SubUV.uasset" to "../../../../../GitHub/UE4Project/AdventureGame/Content/StarterContent/Textures/T_Explosion_SubUV.uasset"
[2017.07.22-22.21.42:351][  0]LogPackFactory: Copied "../../../Samples/StarterContent/Content/StarterContent/Textures/T_Fire_SubUV.uasset" to "../../../../../GitHub/UE4Project/AdventureGame/Content/StarterContent/Textures/T_Fire_SubUV.uasset"
[2017.07.22-22.21.42:447][  0]LogPackFactory: Copied "../../../Samples/StarterContent/Content/StarterContent/Textures/T_Fire_Tiled_D.uasset" to "../../../../../GitHub/UE4Project/AdventureGame/Content/StarterContent/Textures/T_Fire_Tiled_D.uasset"
[2017.07.22-22.21.42:533][  0]LogPackFactory: Copied "../../../Samples/StarterContent/Content/StarterContent/Textures/T_Frame_M.uasset" to "../../../../../GitHub/UE4Project/AdventureGame/Content/StarterContent/Textures/T_Frame_M.uasset"
[2017.07.22-22.21.42:603][  0]LogPackFactory: Copied "../../../Samples/StarterContent/Content/StarterContent/Textures/T_Frame_N.uasset" to "../../../../../GitHub/UE4Project/AdventureGame/Content/StarterContent/Textures/T_Frame_N.uasset"
[2017.07.22-22.21.42:704][  0]LogPackFactory: Copied "../../../Samples/StarterContent/Content/StarterContent/Textures/T_Gradinet_01.uasset" to "../../../../../GitHub/UE4Project/AdventureGame/Content/StarterContent/Textures/T_Gradinet_01.uasset"
[2017.07.22-22.21.42:914][  0]LogPackFactory: Copied "../../../Samples/StarterContent/Content/StarterContent/Textures/T_Ground_Grass_D.uasset" to "../../../../../GitHub/UE4Project/AdventureGame/Content/StarterContent/Textures/T_Ground_Grass_D.uasset"
[2017.07.22-22.21.43:698][  0]LogPackFactory: Copied "../../../Samples/StarterContent/Content/StarterContent/Textures/T_Ground_Grass_N.uasset" to "../../../../../GitHub/UE4Project/AdventureGame/Content/StarterContent/Textures/T_Ground_Grass_N.uasset"
[2017.07.22-22.21.43:882][  0]LogPackFactory: Copied "../../../Samples/StarterContent/Content/StarterContent/Textures/T_Ground_Gravel_D.uasset" to "../../../../../GitHub/UE4Project/AdventureGame/Content/StarterContent/Textures/T_Ground_Gravel_D.uasset"
[2017.07.22-22.21.44:058][  0]LogPackFactory: Copied "../../../Samples/StarterContent/Content/StarterContent/Textures/T_Ground_Gravel_N.uasset" to "../../../../../GitHub/UE4Project/AdventureGame/Content/StarterContent/Textures/T_Ground_Gravel_N.uasset"
[2017.07.22-22.21.44:286][  0]LogPackFactory: Copied "../../../Samples/StarterContent/Content/StarterContent/Textures/T_ground_Moss_D.uasset" to "../../../../../GitHub/UE4Project/AdventureGame/Content/StarterContent/Textures/T_ground_Moss_D.uasset"
[2017.07.22-22.21.44:743][  0]LogPackFactory: Copied "../../../Samples/StarterContent/Content/StarterContent/Textures/T_Ground_Moss_N.uasset" to "../../../../../GitHub/UE4Project/AdventureGame/Content/StarterContent/Textures/T_Ground_Moss_N.uasset"
[2017.07.22-22.21.44:876][  0]LogPackFactory: Copied "../../../Samples/StarterContent/Content/StarterContent/Textures/T_Lamp_M.uasset" to "../../../../../GitHub/UE4Project/AdventureGame/Content/StarterContent/Textures/T_Lamp_M.uasset"
[2017.07.22-22.21.44:948][  0]LogPackFactory: Copied "../../../Samples/StarterContent/Content/StarterContent/Textures/T_Lamp_N.uasset" to "../../../../../GitHub/UE4Project/AdventureGame/Content/StarterContent/Textures/T_Lamp_N.uasset"
[2017.07.22-22.21.45:740][  0]LogPackFactory: Copied "../../../Samples/StarterContent/Content/StarterContent/Textures/T_MacroVariation.uasset" to "../../../../../GitHub/UE4Project/AdventureGame/Content/StarterContent/Textures/T_MacroVariation.uasset"
[2017.07.22-22.21.45:964][  0]LogPackFactory: Copied "../../../Samples/StarterContent/Content/StarterContent/Textures/T_Metal_Aluminum_D.uasset" to "../../../../../GitHub/UE4Project/AdventureGame/Content/StarterContent/Textures/T_Metal_Aluminum_D.uasset"
[2017.07.22-22.21.46:115][  0]LogPackFactory: Copied "../../../Samples/StarterContent/Content/StarterContent/Textures/T_Metal_Copper_D.uasset" to "../../../../../GitHub/UE4Project/AdventureGame/Content/StarterContent/Textures/T_Metal_Copper_D.uasset"
[2017.07.22-22.21.46:220][  0]LogPackFactory: Copied "../../../Samples/StarterContent/Content/StarterContent/Textures/T_Metal_Gold_D.uasset" to "../../../../../GitHub/UE4Project/AdventureGame/Content/StarterContent/Textures/T_Metal_Gold_D.uasset"
[2017.07.22-22.21.46:325][  0]LogPackFactory: Copied "../../../Samples/StarterContent/Content/StarterContent/Textures/T_Metal_Gold_N.uasset" to "../../../../../GitHub/UE4Project/AdventureGame/Content/StarterContent/Textures/T_Metal_Gold_N.uasset"
[2017.07.22-22.21.46:477][  0]LogPackFactory: Copied "../../../Samples/StarterContent/Content/StarterContent/Textures/T_Metal_Rust_D.uasset" to "../../../../../GitHub/UE4Project/AdventureGame/Content/StarterContent/Textures/T_Metal_Rust_D.uasset"
[2017.07.22-22.21.46:604][  0]LogPackFactory: Copied "../../../Samples/StarterContent/Content/StarterContent/Textures/T_Metal_Rust_N.uasset" to "../../../../../GitHub/UE4Project/AdventureGame/Content/StarterContent/Textures/T_Metal_Rust_N.uasset"
[2017.07.22-22.21.46:714][  0]LogPackFactory: Copied "../../../Samples/StarterContent/Content/StarterContent/Textures/T_Metal_Steel_D.uasset" to "../../../../../GitHub/UE4Project/AdventureGame/Content/StarterContent/Textures/T_Metal_Steel_D.uasset"
[2017.07.22-22.21.46:811][  0]LogPackFactory: Copied "../../../Samples/StarterContent/Content/StarterContent/Textures/T_Metal_Steel_N.uasset" to "../../../../../GitHub/UE4Project/AdventureGame/Content/StarterContent/Textures/T_Metal_Steel_N.uasset"
[2017.07.22-22.21.46:940][  0]LogPackFactory: Copied "../../../Samples/StarterContent/Content/StarterContent/Textures/T_Perlin_Noise_M.uasset" to "../../../../../GitHub/UE4Project/AdventureGame/Content/StarterContent/Textures/T_Perlin_Noise_M.uasset"
[2017.07.22-22.21.47:018][  0]LogPackFactory: Copied "../../../Samples/StarterContent/Content/StarterContent/Textures/T_RockMesh_M.uasset" to "../../../../../GitHub/UE4Project/AdventureGame/Content/StarterContent/Textures/T_RockMesh_M.uasset"
[2017.07.22-22.21.47:499][  0]LogPackFactory: Copied "../../../Samples/StarterContent/Content/StarterContent/Textures/T_RockMesh_N.uasset" to "../../../../../GitHub/UE4Project/AdventureGame/Content/StarterContent/Textures/T_RockMesh_N.uasset"
[2017.07.22-22.21.47:611][  0]LogPackFactory: Copied "../../../Samples/StarterContent/Content/StarterContent/Textures/T_Rock_Basalt_D.uasset" to "../../../../../GitHub/UE4Project/AdventureGame/Content/StarterContent/Textures/T_Rock_Basalt_D.uasset"
[2017.07.22-22.21.47:839][  0]LogPackFactory: Copied "../../../Samples/StarterContent/Content/StarterContent/Textures/T_Rock_Basalt_N.uasset" to "../../../../../GitHub/UE4Project/AdventureGame/Content/StarterContent/Textures/T_Rock_Basalt_N.uasset"
[2017.07.22-22.21.47:991][  0]LogPackFactory: Copied "../../../Samples/StarterContent/Content/StarterContent/Textures/T_Rock_Marble_Polished_D.uasset" to "../../../../../GitHub/UE4Project/AdventureGame/Content/StarterContent/Textures/T_Rock_Marble_Polished_D.uasset"
[2017.07.22-22.21.48:208][  0]LogPackFactory: Copied "../../../Samples/StarterContent/Content/StarterContent/Textures/T_Rock_Sandstone_D.uasset" to "../../../../../GitHub/UE4Project/AdventureGame/Content/StarterContent/Textures/T_Rock_Sandstone_D.uasset"
[2017.07.22-22.21.48:388][  0]LogPackFactory: Copied "../../../Samples/StarterContent/Content/StarterContent/Textures/T_Rock_Sandstone_N.uasset" to "../../../../../GitHub/UE4Project/AdventureGame/Content/StarterContent/Textures/T_Rock_Sandstone_N.uasset"
[2017.07.22-22.21.48:778][  0]LogPackFactory: Copied "../../../Samples/StarterContent/Content/StarterContent/Textures/T_Rock_Slate_D.uasset" to "../../../../../GitHub/UE4Project/AdventureGame/Content/StarterContent/Textures/T_Rock_Slate_D.uasset"
[2017.07.22-22.21.49:390][  0]LogPackFactory: Copied "../../../Samples/StarterContent/Content/StarterContent/Textures/T_Rock_Slate_N.uasset" to "../../../../../GitHub/UE4Project/AdventureGame/Content/StarterContent/Textures/T_Rock_Slate_N.uasset"
[2017.07.22-22.21.49:531][  0]LogPackFactory: Copied "../../../Samples/StarterContent/Content/StarterContent/Textures/T_Rock_Smooth_Granite_D.uasset" to "../../../../../GitHub/UE4Project/AdventureGame/Content/StarterContent/Textures/T_Rock_Smooth_Granite_D.uasset"
[2017.07.22-22.21.49:615][  0]LogPackFactory: Copied "../../../Samples/StarterContent/Content/StarterContent/Textures/T_Shelf_M.uasset" to "../../../../../GitHub/UE4Project/AdventureGame/Content/StarterContent/Textures/T_Shelf_M.uasset"
[2017.07.22-22.21.49:755][  0]LogPackFactory: Copied "../../../Samples/StarterContent/Content/StarterContent/Textures/T_Shelf_N.uasset" to "../../../../../GitHub/UE4Project/AdventureGame/Content/StarterContent/Textures/T_Shelf_N.uasset"
[2017.07.22-22.21.49:824][  0]LogPackFactory: Copied "../../../Samples/StarterContent/Content/StarterContent/Textures/T_Single_Tile_N.uasset" to "../../../../../GitHub/UE4Project/AdventureGame/Content/StarterContent/Textures/T_Single_Tile_N.uasset"
[2017.07.22-22.21.50:003][  0]LogPackFactory: Copied "../../../Samples/StarterContent/Content/StarterContent/Textures/T_Smoke_SubUV.uasset" to "../../../../../GitHub/UE4Project/AdventureGame/Content/StarterContent/Textures/T_Smoke_SubUV.uasset"
[2017.07.22-22.21.50:423][  0]LogPackFactory: Copied "../../../Samples/StarterContent/Content/StarterContent/Textures/T_Smoke_Tiled_D.uasset" to "../../../../../GitHub/UE4Project/AdventureGame/Content/StarterContent/Textures/T_Smoke_Tiled_D.uasset"
[2017.07.22-22.21.50:497][  0]LogPackFactory: Copied "../../../Samples/StarterContent/Content/StarterContent/Textures/T_Spark_Core.uasset" to "../../../../../GitHub/UE4Project/AdventureGame/Content/StarterContent/Textures/T_Spark_Core.uasset"
[2017.07.22-22.21.50:581][  0]LogPackFactory: Copied "../../../Samples/StarterContent/Content/StarterContent/Textures/T_Statue_M.uasset" to "../../../../../GitHub/UE4Project/AdventureGame/Content/StarterContent/Textures/T_Statue_M.uasset"
[2017.07.22-22.21.50:627][  0]LogPackFactory: Copied "../../../Samples/StarterContent/Content/StarterContent/Textures/T_Statue_N.uasset" to "../../../../../GitHub/UE4Project/AdventureGame/Content/StarterContent/Textures/T_Statue_N.uasset"
[2017.07.22-22.21.50:708][  0]LogPackFactory: Copied "../../../Samples/StarterContent/Content/StarterContent/Textures/T_TableRound_M.uasset" to "../../../../../GitHub/UE4Project/AdventureGame/Content/StarterContent/Textures/T_TableRound_M.uasset"
[2017.07.22-22.21.50:776][  0]LogPackFactory: Copied "../../../Samples/StarterContent/Content/StarterContent/Textures/T_TableRound_N.uasset" to "../../../../../GitHub/UE4Project/AdventureGame/Content/StarterContent/Textures/T_TableRound_N.uasset"
[2017.07.22-22.21.50:808][  0]LogPackFactory: Copied "../../../Samples/StarterContent/Content/StarterContent/Textures/T_Tech_Dot_M.uasset" to "../../../../../GitHub/UE4Project/AdventureGame/Content/StarterContent/Textures/T_Tech_Dot_M.uasset"
[2017.07.22-22.21.50:859][  0]LogPackFactory: Copied "../../../Samples/StarterContent/Content/StarterContent/Textures/T_Tech_Dot_N.uasset" to "../../../../../GitHub/UE4Project/AdventureGame/Content/StarterContent/Textures/T_Tech_Dot_N.uasset"
[2017.07.22-22.21.50:938][  0]LogPackFactory: Copied "../../../Samples/StarterContent/Content/StarterContent/Textures/T_Tech_Hex_Tile_M.uasset" to "../../../../../GitHub/UE4Project/AdventureGame/Content/StarterContent/Textures/T_Tech_Hex_Tile_M.uasset"
[2017.07.22-22.21.51:050][  0]LogPackFactory: Copied "../../../Samples/StarterContent/Content/StarterContent/Textures/T_Tech_Hex_Tile_N.uasset" to "../../../../../GitHub/UE4Project/AdventureGame/Content/StarterContent/Textures/T_Tech_Hex_Tile_N.uasset"
[2017.07.22-22.21.51:130][  0]LogPackFactory: Copied "../../../Samples/StarterContent/Content/StarterContent/Textures/T_Tech_Panel_M.uasset" to "../../../../../GitHub/UE4Project/AdventureGame/Content/StarterContent/Textures/T_Tech_Panel_M.uasset"
[2017.07.22-22.21.51:240][  0]LogPackFactory: Copied "../../../Samples/StarterContent/Content/StarterContent/Textures/T_Tech_Panel_N.uasset" to "../../../../../GitHub/UE4Project/AdventureGame/Content/StarterContent/Textures/T_Tech_Panel_N.uasset"
[2017.07.22-22.21.51:642][  0]LogPackFactory: Copied "../../../Samples/StarterContent/Content/StarterContent/Textures/T_Water_M.uasset" to "../../../../../GitHub/UE4Project/AdventureGame/Content/StarterContent/Textures/T_Water_M.uasset"
[2017.07.22-22.21.52:025][  0]LogPackFactory: Copied "../../../Samples/StarterContent/Content/StarterContent/Textures/T_Water_N.uasset" to "../../../../../GitHub/UE4Project/AdventureGame/Content/StarterContent/Textures/T_Water_N.uasset"
[2017.07.22-22.21.52:118][  0]LogPackFactory: Copied "../../../Samples/StarterContent/Content/StarterContent/Textures/T_Wood_Floor_Walnut_D.uasset" to "../../../../../GitHub/UE4Project/AdventureGame/Content/StarterContent/Textures/T_Wood_Floor_Walnut_D.uasset"
[2017.07.22-22.21.52:209][  0]LogPackFactory: Copied "../../../Samples/StarterContent/Content/StarterContent/Textures/T_Wood_Floor_Walnut_M.uasset" to "../../../../../GitHub/UE4Project/AdventureGame/Content/StarterContent/Textures/T_Wood_Floor_Walnut_M.uasset"
[2017.07.22-22.21.52:311][  0]LogPackFactory: Copied "../../../Samples/StarterContent/Content/StarterContent/Textures/T_Wood_Floor_Walnut_N.uasset" to "../../../../../GitHub/UE4Project/AdventureGame/Content/StarterContent/Textures/T_Wood_Floor_Walnut_N.uasset"
[2017.07.22-22.21.52:453][  0]LogPackFactory: Copied "../../../Samples/StarterContent/Content/StarterContent/Textures/T_Wood_Oak_D.uasset" to "../../../../../GitHub/UE4Project/AdventureGame/Content/StarterContent/Textures/T_Wood_Oak_D.uasset"
[2017.07.22-22.21.52:585][  0]LogPackFactory: Copied "../../../Samples/StarterContent/Content/StarterContent/Textures/T_Wood_Oak_N.uasset" to "../../../../../GitHub/UE4Project/AdventureGame/Content/StarterContent/Textures/T_Wood_Oak_N.uasset"
[2017.07.22-22.21.52:987][  0]LogPackFactory: Copied "../../../Samples/StarterContent/Content/StarterContent/Textures/T_Wood_Pine_D.uasset" to "../../../../../GitHub/UE4Project/AdventureGame/Content/StarterContent/Textures/T_Wood_Pine_D.uasset"
[2017.07.22-22.21.53:118][  0]LogPackFactory: Copied "../../../Samples/StarterContent/Content/StarterContent/Textures/T_Wood_Pine_N.uasset" to "../../../../../GitHub/UE4Project/AdventureGame/Content/StarterContent/Textures/T_Wood_Pine_N.uasset"
[2017.07.22-22.21.53:278][  0]LogPackFactory: Copied "../../../Samples/StarterContent/Content/StarterContent/Textures/T_Wood_Walnut_D.uasset" to "../../../../../GitHub/UE4Project/AdventureGame/Content/StarterContent/Textures/T_Wood_Walnut_D.uasset"
[2017.07.22-22.21.53:390][  0]LogPackFactory: Copied "../../../Samples/StarterContent/Content/StarterContent/Textures/T_Wood_Walnut_N.uasset" to "../../../../../GitHub/UE4Project/AdventureGame/Content/StarterContent/Textures/T_Wood_Walnut_N.uasset"
[2017.07.22-22.21.53:602][  0]LogRenderer: Reallocating scene render targets to support 256x256 NumSamples 1 (Frame:2).
[2017.07.22-22.21.53:628][  0]Cmd: OBJ SAVEPACKAGE PACKAGE="/Game/StarterContent/Architecture/Floor_400x400" FILE="../../../../../GitHub/UE4Project/AdventureGame/Content/StarterContent/Architecture/Floor_400x400.uasset" SILENT=true
[2017.07.22-22.21.53:751][  0]LogSavePackage: Save=87.37ms
[2017.07.22-22.21.53:751][  0]LogSavePackage: Moving '../../../../../GitHub/UE4Project/AdventureGame/Saved/Floor_400x400D3254DFB450EBBAD6B7C77A9AB6696FC.tmp' to '../../../../../GitHub/UE4Project/AdventureGame/Content/StarterContent/Architecture/Floor_400x400.uasset'
[2017.07.22-22.21.53:790][  0]LogSavePackage:Display: Finished SavePackage ../../../../../GitHub/UE4Project/AdventureGame/Content/StarterContent/Architecture/Floor_400x400.uasset
[2017.07.22-22.21.53:790][  0]LogFeaturePack:Warning: Inserted 1 feature packs
[2017.07.22-22.21.53:793][  0]Cmd: MAP LOAD FILE="../../../../../GitHub/UE4Project/AdventureGame/Content/ThirdPersonCPP/Maps/ThirdPersonExampleMap.umap" TEMPLATE=0 SHOWPROGRESS=1 FEATURELEVEL=3
[2017.07.22-22.21.53:794][  0]LightingResults: New page: Lighting Build
[2017.07.22-22.21.53:827][  0]MapCheck: New page: Map Check
[2017.07.22-22.21.53:827][  0]LightingResults: New page: Lighting Build
[2017.07.22-22.21.53:999][  0]LogTexture:Display: Building textures: HQ_Lightmap0_1 (AutoDXT, 1024X1024) - 54 MB total VRAM
[2017.07.22-22.21.54:099][  0]LogTexture:Display: Building textures: HQ_Lightmap0_2 (AutoDXT, 512X512) - 54 MB total VRAM
[2017.07.22-22.21.54:131][  0]LogTexture:Display: Building textures: HQ_Lightmap0_3 (AutoDXT, 64X64) - 54 MB total VRAM
[2017.07.22-22.21.54:144][  0]LogTexture:Display: Building textures: LQ_Lightmap_0_1 (DXT1, 1024X1024) - 54 MB total VRAM
[2017.07.22-22.21.54:198][  0]LogTexture:Display: Building textures: LQ_Lightmap_0_2 (DXT1, 512X512) - 54 MB total VRAM
[2017.07.22-22.21.54:215][  0]LogTexture:Display: Building textures: LQ_Lightmap_0_3 (DXT1, 64X64) - 54 MB total VRAM
[2017.07.22-22.21.54:226][  0]LogTexture:Display: Building textures: SkyOcclusion0_1 (AutoDXT, 1024X512) - 54 MB total VRAM
[2017.07.22-22.21.54:281][  0]LogTexture:Display: Building textures: SkyOcclusion0_2 (AutoDXT, 512X256) - 54 MB total VRAM
[2017.07.22-22.21.54:301][  0]LogTexture:Display: Building textures: SkyOcclusion0_3 (AutoDXT, 64X32) - 54 MB total VRAM
[2017.07.22-22.21.54:309][  0]LogTexture:Display: Building textures: ShadowMapTexture2D_0 (G8, 2048X1024) - 54 MB total VRAM
[2017.07.22-22.21.54:418][  0]LogAIModule: Creating AISystem for world ThirdPersonExampleMap
[2017.07.22-22.21.54:425][  0]LogEditorServer: Finished looking for orphan Actors (0.000 secs)
[2017.07.22-22.21.54:425][  0]Cmd: MAP CHECKDEP NOCLEARLOG
[2017.07.22-22.21.54:476][  0]MapCheck: Info Map check complete: 0 Error(s), 0 Warning(s), took 51.257ms to complete.
[2017.07.22-22.21.54:476][  0]LogFileHelpers: Loading map 'ThirdPersonExampleMap' took 0.683
[2017.07.22-22.21.54:734][  0]LogCollectionManager: Loaded 0 collections in 0.000926 seconds
[2017.07.22-22.21.54:974][  0]LogFileCache: Scanning file cache for directory 'D:/GitHub/UE4Project/AdventureGame/Saved/Collections/' took 0.01s
[2017.07.22-22.21.54:974][  0]LogFileCache: Scanning file cache for directory 'D:/GitHub/UE4Project/AdventureGame/Content/Developers/Bryan/Collections/' took 0.01s
[2017.07.22-22.21.54:974][  0]LogFileCache: Scanning file cache for directory 'D:/GitHub/UE4Project/AdventureGame/Content/Collections/' took 0.01s
[2017.07.22-22.21.54:974][  0]LogCollectionManager: Rebuilt the GUID cache for 0 collections in 0.000002 seconds
[2017.07.22-22.21.54:986][  0]LogContentBrowser: Native class hierarchy populated in 0.0115 seconds. Added 2247 classes and 455 folders.
[2017.07.22-22.21.55:037][  0]LogContentBrowser: Native class hierarchy updated for 'WidgetCarousel' in 0.0020 seconds. Added 0 classes and 0 folders.
[2017.07.22-22.21.55:094][  0]LogContentBrowser: Native class hierarchy updated for 'AddContentDialog' in 0.0022 seconds. Added 0 classes and 0 folders.
[2017.07.22-22.21.55:131][  0]LogContentBrowser: Native class hierarchy updated for 'SceneOutliner' in 0.0020 seconds. Added 1 classes and 2 folders.
[2017.07.22-22.21.55:172][  0]LogCrashTracker: Crashtracker disabled due to settings.
[2017.07.22-22.21.55:178][  0]LogUObjectGlobals:Warning: Failed to find object 'Class None.'
[2017.07.22-22.21.55:238][  0]LogContentBrowser: Native class hierarchy updated for 'HierarchicalLODOutliner' in 0.0021 seconds. Added 1 classes and 2 folders.
[2017.07.22-22.21.55:238][  0]LogLoad: (Engine Initialization) Total time: 68.20 seconds
[2017.07.22-22.21.55:238][  0]LogLoad: (Engine Initialization) Total Blueprint compile time: 0.11 seconds
[2017.07.22-22.21.55:238][  0]LogExternalProfiler: Found external profiler: VSPerf
[2017.07.22-22.21.55:238][  0]LogExternalProfiler: Using external profiler: VSPerf
[2017.07.22-22.21.55:248][  0]LogWindowsTextInputMethodSystem:Display: IME system now deactivated.
[2017.07.22-22.21.55:249][  0]LogOcInput: OculusInput pre-init called
[2017.07.22-22.21.55:616][  0]LogContentStreaming: Texture pool size now 1000 MB
[2017.07.22-22.21.55:617][  0]LogSlate: Took 0.000267 seconds to synchronously load lazily loaded font '../../../Engine/Content/Slate/Fonts/Roboto-Regular.ttf' (155K)
[2017.07.22-22.21.55:621][  0]LogSlate: Took 0.000286 seconds to synchronously load lazily loaded font '../../../Engine/Content/Slate/Fonts/Roboto-Bold.ttf' (160K)
[2017.07.22-22.21.55:626][  0]LogSlate: Took 0.000261 seconds to synchronously load lazily loaded font '../../../Engine/Content/Editor/Slate/Fonts/FontAwesome.ttf' (139K)
[2017.07.22-22.21.55:765][  0]LogRenderer: Reallocating scene render targets to support 1208x576 NumSamples 1 (Frame:3).
[2017.07.22-22.21.55:765][  0]LogSlate: Took 0.000327 seconds to synchronously load lazily loaded font '../../../Engine/Content/Slate/Fonts/Roboto-Light.ttf' (159K)
[2017.07.22-22.21.57:705][220]LogEditorViewport: Clicking on Actor (context menu): StaticMeshActor (Linear_Stair_StaticMesh)
[2017.07.22-22.22.05:653][138]LogAssetRegistry: Asset discovery search completed in 70.9028 seconds
[2017.07.22-22.22.05:654][138]LogCollectionManager: Rebuilt the object cache for 0 collections in 0.000008 seconds (found 0 objects)
[2017.07.22-22.22.05:654][138]LogCollectionManager: Fixed up redirectors for 0 collections in 0.000022 seconds (updated 0 objects)
